Feb-05 15:59:22.731 [main] DEBUG nextflow.cli.Launcher - $> nextflow run main.nf
Feb-05 15:59:23.026 [main] INFO  nextflow.cli.CmdRun - N E X T F L O W  ~  version 19.10.0
Feb-05 15:59:23.050 [main] INFO  nextflow.cli.CmdRun - Launching `main.nf` [serene_sammet] - revision: 1d40d8c40c
Feb-05 15:59:23.084 [main] DEBUG nextflow.config.ConfigBuilder - Found config local: /home/johann/OneDrive/Projects/projects/praktikum/commonplace/scripts/json2graph/nextflow.config
Feb-05 15:59:23.086 [main] DEBUG nextflow.config.ConfigBuilder - Parsing config file: /home/johann/OneDrive/Projects/projects/praktikum/commonplace/scripts/json2graph/nextflow.config
Feb-05 15:59:23.122 [main] DEBUG nextflow.config.ConfigBuilder - Applying config profile: `standard`
Feb-05 15:59:24.014 [main] DEBUG nextflow.extension.OperatorEx - Dataflow extension methods: branch,buffer,chain,choice,collate,collect,collectFile,combine,concat,count,countBy,countFasta,countFastq,countLines,countText,cross,distinct,filter,first,flatMap,flatten,fork,groupBy,groupTuple,ifEmpty,into,join,last,map,max,mean,merge,min,mix,phase,print,println,randomSample,reduce,separate,set,splitCsv,splitFasta,splitFastq,splitText,spread,subscribe,sum,take,tap,toDouble,toFloat,toInteger,toList,toLong,toSortedList,transpose,unique,until,view
Feb-05 15:59:24.026 [main] DEBUG nextflow.Session - Session uuid: 05d3ce96-4038-4590-844a-7640dd282a7f
Feb-05 15:59:24.026 [main] DEBUG nextflow.Session - Run name: serene_sammet
Feb-05 15:59:24.027 [main] DEBUG nextflow.Session - Executor pool size: 4
Feb-05 15:59:24.086 [main] DEBUG nextflow.cli.CmdRun - 
  Version: 19.10.0 build 5170
  Created: 21-10-2019 15:07 UTC (17:07 CEST)
  System: Linux 5.3.0-28-generic
  Runtime: Groovy 2.5.8 on OpenJDK 64-Bit Server VM 10.0.2+13
  Encoding: UTF-8 (UTF-8)
  Process: 13199@l540 [172.24.167.5]
  CPUs: 4 - Mem: 7.5 GB (2.1 GB) - Swap: 2 GB (2 GB)
Feb-05 15:59:24.124 [main] DEBUG nextflow.Session - Work-dir: /home/johann/OneDrive/Projects/projects/praktikum/commonplace/scripts/json2graph/work [ext2/ext3]
Feb-05 15:59:24.124 [main] DEBUG nextflow.Session - Script base path does not exist or is not a directory: /home/johann/OneDrive/Projects/projects/praktikum/commonplace/scripts/json2graph/bin
Feb-05 15:59:24.149 [main] DEBUG nextflow.Session - Observer factory: TowerFactory
Feb-05 15:59:24.152 [main] DEBUG nextflow.Session - Observer factory: DefaultObserverFactory
Feb-05 15:59:24.504 [main] DEBUG nextflow.Session - Session start invoked
Feb-05 15:59:24.716 [main] DEBUG nextflow.script.ScriptRunner - > Launching execution
Feb-05 15:59:24.731 [main] WARN  nextflow.NextflowMeta$Preview - DSL 2 IS AN EXPERIMENTAL FEATURE UNDER DEVELOPMENT -- SYNTAX MAY CHANGE IN FUTURE RELEASE
Feb-05 15:59:24.992 [main] INFO  nextflow.Nextflow - ############################
Feb-05 15:59:25.139 [main] DEBUG nextflow.Session - Session aborted -- Cause: java.lang.StackOverflowError
Feb-05 15:59:25.168 [main] DEBUG nextflow.Session - The following nodes are still active:
  [operator] collect

Feb-05 15:59:25.178 [main] ERROR nextflow.cli.Launcher - @unknown
java.lang.StackOverflowError: null
	at org.codehaus.groovy.reflection.ReflectionCache.isAssignableFrom(ReflectionCache.java:62)
	at org.codehaus.groovy.reflection.stdclasses.StringCachedClass.isAssignableFrom(StringCachedClass.java:41)
	at org.codehaus.groovy.reflection.ParameterTypes.isValidExactMethod(ParameterTypes.java:261)
	at org.codehaus.groovy.reflection.ParameterTypes.isValidMethod(ParameterTypes.java:251)
	at org.codehaus.groovy.reflection.GeneratedMetaMethod$Proxy.isValidMethod(GeneratedMetaMethod.java:78)
	at groovy.lang.MetaClassImpl.chooseMethodInternal(MetaClassImpl.java:3196)
	at groovy.lang.MetaClassImpl.chooseMethod(MetaClassImpl.java:3188)
	at groovy.lang.MetaClassImpl.getNormalMethodWithCaching(MetaClassImpl.java:1399)
	at groovy.lang.MetaClassImpl.getMethodWithCaching(MetaClassImpl.java:1314)
	at groovy.lang.MetaClassImpl.getMetaMethod(MetaClassImpl.java:1229)
	at groovy.lang.MetaClassImpl.invokeMethod(MetaClassImpl.java:1082)
	at groovy.lang.MetaClassImpl.invokeMethod(MetaClassImpl.java:1041)
	at groovy.runtime.metaclass.NextflowDelegatingMetaClass.invokeMethod(NextflowDelegatingMetaClass.java:61)
	at org.codehaus.groovy.runtime.InvokerHelper.invokePogoMethod(InvokerHelper.java:1011)
	at org.codehaus.groovy.runtime.InvokerHelper.invokeMethod(InvokerHelper.java:994)
	at groovyx.gpars.dataflow.expression.DataflowExpression.invokeMethod(DataflowExpression.java:1204)
	at org.codehaus.groovy.runtime.InvokerHelper.invokePogoMethod(InvokerHelper.java:1017)
	at org.codehaus.groovy.runtime.InvokerHelper.invokeMethod(InvokerHelper.java:994)
	at groovyx.gpars.dataflow.expression.DataflowExpression.invokeMethod(DataflowExpression.java:1204)
	at org.codehaus.groovy.runtime.InvokerHelper.invokePogoMethod(InvokerHelper.java:1017)
	at org.codehaus.groovy.runtime.InvokerHelper.invokeMethod(InvokerHelper.java:994)
	at groovyx.gpars.dataflow.expression.DataflowExpression.invokeMethod(DataflowExpression.java:1204)
	at org.codehaus.groovy.runtime.InvokerHelper.invokePogoMethod(InvokerHelper.java:1017)
	at org.codehaus.groovy.runtime.InvokerHelper.invokeMethod(InvokerHelper.java:994)
	at groovyx.gpars.dataflow.expression.DataflowExpression.invokeMethod(DataflowExpression.java:1204)
	at org.codehaus.groovy.runtime.InvokerHelper.invokePogoMethod(InvokerHelper.java:1017)
	at org.codehaus.groovy.runtime.InvokerHelper.invokeMethod(InvokerHelper.java:994)
	at groovyx.gpars.dataflow.expression.DataflowExpression.invokeMethod(DataflowExpression.java:1204)
	at org.codehaus.groovy.runtime.InvokerHelper.invokePogoMethod(InvokerHelper.java:1017)
	at org.codehaus.groovy.runtime.InvokerHelper.invokeMethod(InvokerHelper.java:994)
	at groovyx.gpars.dataflow.expression.DataflowExpression.invokeMethod(DataflowExpression.java:1204)
	at org.codehaus.groovy.runtime.InvokerHelper.invokePogoMethod(InvokerHelper.java:1017)
	at org.codehaus.groovy.runtime.InvokerHelper.invokeMethod(InvokerHelper.java:994)
	at groovyx.gpars.dataflow.expression.DataflowExpression.invokeMethod(DataflowExpression.java:1204)
	at org.codehaus.groovy.runtime.InvokerHelper.invokePogoMethod(InvokerHelper.java:1017)
	at org.codehaus.groovy.runtime.InvokerHelper.invokeMethod(InvokerHelper.java:994)
	at groovyx.gpars.dataflow.expression.DataflowExpression.invokeMethod(DataflowExpression.java:1204)
	at org.codehaus.groovy.runtime.InvokerHelper.invokePogoMethod(InvokerHelper.java:1017)
	at org.codehaus.groovy.runtime.InvokerHelper.invokeMethod(InvokerHelper.java:994)
	at groovyx.gpars.dataflow.expression.DataflowExpression.invokeMethod(DataflowExpression.java:1204)
	at org.codehaus.groovy.runtime.InvokerHelper.invokePogoMethod(InvokerHelper.java:1017)
	at org.codehaus.groovy.runtime.InvokerHelper.invokeMethod(InvokerHelper.java:994)
	at groovyx.gpars.dataflow.expression.DataflowExpression.invokeMethod(DataflowExpression.java:1204)
	at org.codehaus.groovy.runtime.InvokerHelper.invokePogoMethod(InvokerHelper.java:1017)
	at org.codehaus.groovy.runtime.InvokerHelper.invokeMethod(InvokerHelper.java:994)
	at groovyx.gpars.dataflow.expression.DataflowExpression.invokeMethod(DataflowExpression.java:1204)
	at org.codehaus.groovy.runtime.InvokerHelper.invokePogoMethod(InvokerHelper.java:1017)
	at org.codehaus.groovy.runtime.InvokerHelper.invokeMethod(InvokerHelper.java:994)
	at groovyx.gpars.dataflow.expression.DataflowExpression.invokeMethod(DataflowExpression.java:1204)
	at org.codehaus.groovy.runtime.InvokerHelper.invokePogoMethod(InvokerHelper.java:1017)
	at org.codehaus.groovy.runtime.InvokerHelper.invokeMethod(InvokerHelper.java:994)
	at groovyx.gpars.dataflow.expression.DataflowExpression.invokeMethod(DataflowExpression.java:1204)
	at org.codehaus.groovy.runtime.InvokerHelper.invokePogoMethod(InvokerHelper.java:1017)
	at org.codehaus.groovy.runtime.InvokerHelper.invokeMethod(InvokerHelper.java:994)
	at groovyx.gpars.dataflow.expression.DataflowExpression.invokeMethod(DataflowExpression.java:1204)
	at org.codehaus.groovy.runtime.InvokerHelper.invokePogoMethod(InvokerHelper.java:1017)
	at org.codehaus.groovy.runtime.InvokerHelper.invokeMethod(InvokerHelper.java:994)
	at groovyx.gpars.dataflow.expression.DataflowExpression.invokeMethod(DataflowExpression.java:1204)
	at org.codehaus.groovy.runtime.InvokerHelper.invokePogoMethod(InvokerHelper.java:1017)
	at org.codehaus.groovy.runtime.InvokerHelper.invokeMethod(InvokerHelper.java:994)
	at groovyx.gpars.dataflow.expression.DataflowExpression.invokeMethod(DataflowExpression.java:1204)
	at org.codehaus.groovy.runtime.InvokerHelper.invokePogoMethod(InvokerHelper.java:1017)
	at org.codehaus.groovy.runtime.InvokerHelper.invokeMethod(InvokerHelper.java:994)
	at groovyx.gpars.dataflow.expression.DataflowExpression.invokeMethod(DataflowExpression.java:1204)
	at org.codehaus.groovy.runtime.InvokerHelper.invokePogoMethod(InvokerHelper.java:1017)
	at org.codehaus.groovy.runtime.InvokerHelper.invokeMethod(InvokerHelper.java:994)
	at groovyx.gpars.dataflow.expression.DataflowExpression.invokeMethod(DataflowExpression.java:1204)
	at org.codehaus.groovy.runtime.InvokerHelper.invokePogoMethod(InvokerHelper.java:1017)
	at org.codehaus.groovy.runtime.InvokerHelper.invokeMethod(InvokerHelper.java:994)
	at groovyx.gpars.dataflow.expression.DataflowExpression.invokeMethod(DataflowExpression.java:1204)
	at org.codehaus.groovy.runtime.InvokerHelper.invokePogoMethod(InvokerHelper.java:1017)
	at org.codehaus.groovy.runtime.InvokerHelper.invokeMethod(InvokerHelper.java:994)
	at groovyx.gpars.dataflow.expression.DataflowExpression.invokeMethod(DataflowExpression.java:1204)
	at org.codehaus.groovy.runtime.InvokerHelper.invokePogoMethod(InvokerHelper.java:1017)
	at org.codehaus.groovy.runtime.InvokerHelper.invokeMethod(InvokerHelper.java:994)
	at groovyx.gpars.dataflow.expression.DataflowExpression.invokeMethod(DataflowExpression.java:1204)
	at org.codehaus.groovy.runtime.InvokerHelper.invokePogoMethod(InvokerHelper.java:1017)
	at org.codehaus.groovy.runtime.InvokerHelper.invokeMethod(InvokerHelper.java:994)
	at groovyx.gpars.dataflow.expression.DataflowExpression.invokeMethod(DataflowExpression.java:1204)
	at org.codehaus.groovy.runtime.InvokerHelper.invokePogoMethod(InvokerHelper.java:1017)
	at org.codehaus.groovy.runtime.InvokerHelper.invokeMethod(InvokerHelper.java:994)
	at groovyx.gpars.dataflow.expression.DataflowExpression.invokeMethod(DataflowExpression.java:1204)
	at org.codehaus.groovy.runtime.InvokerHelper.invokePogoMethod(InvokerHelper.java:1017)
	at org.codehaus.groovy.runtime.InvokerHelper.invokeMethod(InvokerHelper.java:994)
	at groovyx.gpars.dataflow.expression.DataflowExpression.invokeMethod(DataflowExpression.java:1204)
	at org.codehaus.groovy.runtime.InvokerHelper.invokePogoMethod(InvokerHelper.java:1017)
	at org.codehaus.groovy.runtime.InvokerHelper.invokeMethod(InvokerHelper.java:994)
	at groovyx.gpars.dataflow.expression.DataflowExpression.invokeMethod(DataflowExpression.java:1204)
	at org.codehaus.groovy.runtime.InvokerHelper.invokePogoMethod(InvokerHelper.java:1017)
	at org.codehaus.groovy.runtime.InvokerHelper.invokeMethod(InvokerHelper.java:994)
	at groovyx.gpars.dataflow.expression.DataflowExpression.invokeMethod(DataflowExpression.java:1204)
	at org.codehaus.groovy.runtime.InvokerHelper.invokePogoMethod(InvokerHelper.java:1017)
	at org.codehaus.groovy.runtime.InvokerHelper.invokeMethod(InvokerHelper.java:994)
	at groovyx.gpars.dataflow.expression.DataflowExpression.invokeMethod(DataflowExpression.java:1204)
	at org.codehaus.groovy.runtime.InvokerHelper.invokePogoMethod(InvokerHelper.java:1017)
	at org.codehaus.groovy.runtime.InvokerHelper.invokeMethod(InvokerHelper.java:994)
	at groovyx.gpars.dataflow.expression.DataflowExpression.invokeMethod(DataflowExpression.java:1204)
	at org.codehaus.groovy.runtime.InvokerHelper.invokePogoMethod(InvokerHelper.java:1017)
	at org.codehaus.groovy.runtime.InvokerHelper.invokeMethod(InvokerHelper.java:994)
	at groovyx.gpars.dataflow.expression.DataflowExpression.invokeMethod(DataflowExpression.java:1204)
	at org.codehaus.groovy.runtime.InvokerHelper.invokePogoMethod(InvokerHelper.java:1017)
	at org.codehaus.groovy.runtime.InvokerHelper.invokeMethod(InvokerHelper.java:994)
	at groovyx.gpars.dataflow.expression.DataflowExpression.invokeMethod(DataflowExpression.java:1204)
	at org.codehaus.groovy.runtime.InvokerHelper.invokePogoMethod(InvokerHelper.java:1017)
	at org.codehaus.groovy.runtime.InvokerHelper.invokeMethod(InvokerHelper.java:994)
	at groovyx.gpars.dataflow.expression.DataflowExpression.invokeMethod(DataflowExpression.java:1204)
	at org.codehaus.groovy.runtime.InvokerHelper.invokePogoMethod(InvokerHelper.java:1017)
	at org.codehaus.groovy.runtime.InvokerHelper.invokeMethod(InvokerHelper.java:994)
	at groovyx.gpars.dataflow.expression.DataflowExpression.invokeMethod(DataflowExpression.java:1204)
	at org.codehaus.groovy.runtime.InvokerHelper.invokePogoMethod(InvokerHelper.java:1017)
	at org.codehaus.groovy.runtime.InvokerHelper.invokeMethod(InvokerHelper.java:994)
	at groovyx.gpars.dataflow.expression.DataflowExpression.invokeMethod(DataflowExpression.java:1204)
	at org.codehaus.groovy.runtime.InvokerHelper.invokePogoMethod(InvokerHelper.java:1017)
	at org.codehaus.groovy.runtime.InvokerHelper.invokeMethod(InvokerHelper.java:994)
	at groovyx.gpars.dataflow.expression.DataflowExpression.invokeMethod(DataflowExpression.java:1204)
	at org.codehaus.groovy.runtime.InvokerHelper.invokePogoMethod(InvokerHelper.java:1017)
	at org.codehaus.groovy.runtime.InvokerHelper.invokeMethod(InvokerHelper.java:994)
	at groovyx.gpars.dataflow.expression.DataflowExpression.invokeMethod(DataflowExpression.java:1204)
	at org.codehaus.groovy.runtime.InvokerHelper.invokePogoMethod(InvokerHelper.java:1017)
	at org.codehaus.groovy.runtime.InvokerHelper.invokeMethod(InvokerHelper.java:994)
	at groovyx.gpars.dataflow.expression.DataflowExpression.invokeMethod(DataflowExpression.java:1204)
	at org.codehaus.groovy.runtime.InvokerHelper.invokePogoMethod(InvokerHelper.java:1017)
	at org.codehaus.groovy.runtime.InvokerHelper.invokeMethod(InvokerHelper.java:994)
	at groovyx.gpars.dataflow.expression.DataflowExpression.invokeMethod(DataflowExpression.java:1204)
	at org.codehaus.groovy.runtime.InvokerHelper.invokePogoMethod(InvokerHelper.java:1017)
	at org.codehaus.groovy.runtime.InvokerHelper.invokeMethod(InvokerHelper.java:994)
	at groovyx.gpars.dataflow.expression.DataflowExpression.invokeMethod(DataflowExpression.java:1204)
	at org.codehaus.groovy.runtime.InvokerHelper.invokePogoMethod(InvokerHelper.java:1017)
	at org.codehaus.groovy.runtime.InvokerHelper.invokeMethod(InvokerHelper.java:994)
	at groovyx.gpars.dataflow.expression.DataflowExpression.invokeMethod(DataflowExpression.java:1204)
	at org.codehaus.groovy.runtime.InvokerHelper.invokePogoMethod(InvokerHelper.java:1017)
	at org.codehaus.groovy.runtime.InvokerHelper.invokeMethod(InvokerHelper.java:994)
	at groovyx.gpars.dataflow.expression.DataflowExpression.invokeMethod(DataflowExpression.java:1204)
	at org.codehaus.groovy.runtime.InvokerHelper.invokePogoMethod(InvokerHelper.java:1017)
	at org.codehaus.groovy.runtime.InvokerHelper.invokeMethod(InvokerHelper.java:994)
	at groovyx.gpars.dataflow.expression.DataflowExpression.invokeMethod(DataflowExpression.java:1204)
	at org.codehaus.groovy.runtime.InvokerHelper.invokePogoMethod(InvokerHelper.java:1017)
	at org.codehaus.groovy.runtime.InvokerHelper.invokeMethod(InvokerHelper.java:994)
	at groovyx.gpars.dataflow.expression.DataflowExpression.invokeMethod(DataflowExpression.java:1204)
	at org.codehaus.groovy.runtime.InvokerHelper.invokePogoMethod(InvokerHelper.java:1017)
	at org.codehaus.groovy.runtime.InvokerHelper.invokeMethod(InvokerHelper.java:994)
	at groovyx.gpars.dataflow.expression.DataflowExpression.invokeMethod(DataflowExpression.java:1204)
	at org.codehaus.groovy.runtime.InvokerHelper.invokePogoMethod(InvokerHelper.java:1017)
	at org.codehaus.groovy.runtime.InvokerHelper.invokeMethod(InvokerHelper.java:994)
	at groovyx.gpars.dataflow.expression.DataflowExpression.invokeMethod(DataflowExpression.java:1204)
	at org.codehaus.groovy.runtime.InvokerHelper.invokePogoMethod(InvokerHelper.java:1017)
	at org.codehaus.groovy.runtime.InvokerHelper.invokeMethod(InvokerHelper.java:994)
	at groovyx.gpars.dataflow.expression.DataflowExpression.invokeMethod(DataflowExpression.java:1204)
	at org.codehaus.groovy.runtime.InvokerHelper.invokePogoMethod(InvokerHelper.java:1017)
	at org.codehaus.groovy.runtime.InvokerHelper.invokeMethod(InvokerHelper.java:994)
	at groovyx.gpars.dataflow.expression.DataflowExpression.invokeMethod(DataflowExpression.java:1204)
	at org.codehaus.groovy.runtime.InvokerHelper.invokePogoMethod(InvokerHelper.java:1017)
	at org.codehaus.groovy.runtime.InvokerHelper.invokeMethod(InvokerHelper.java:994)
	at groovyx.gpars.dataflow.expression.DataflowExpression.invokeMethod(DataflowExpression.java:1204)
	at org.codehaus.groovy.runtime.InvokerHelper.invokePogoMethod(InvokerHelper.java:1017)
	at org.codehaus.groovy.runtime.InvokerHelper.invokeMethod(InvokerHelper.java:994)
	at groovyx.gpars.dataflow.expression.DataflowExpression.invokeMethod(DataflowExpression.java:1204)
	at org.codehaus.groovy.runtime.InvokerHelper.invokePogoMethod(InvokerHelper.java:1017)
	at org.codehaus.groovy.runtime.InvokerHelper.invokeMethod(InvokerHelper.java:994)
	at groovyx.gpars.dataflow.expression.DataflowExpression.invokeMethod(DataflowExpression.java:1204)
	at org.codehaus.groovy.runtime.InvokerHelper.invokePogoMethod(InvokerHelper.java:1017)
	at org.codehaus.groovy.runtime.InvokerHelper.invokeMethod(InvokerHelper.java:994)
	at groovyx.gpars.dataflow.expression.DataflowExpression.invokeMethod(DataflowExpression.java:1204)
	at org.codehaus.groovy.runtime.InvokerHelper.invokePogoMethod(InvokerHelper.java:1017)
	at org.codehaus.groovy.runtime.InvokerHelper.invokeMethod(InvokerHelper.java:994)
	at groovyx.gpars.dataflow.expression.DataflowExpression.invokeMethod(DataflowExpression.java:1204)
	at org.codehaus.groovy.runtime.InvokerHelper.invokePogoMethod(InvokerHelper.java:1017)
	at org.codehaus.groovy.runtime.InvokerHelper.invokeMethod(InvokerHelper.java:994)
	at groovyx.gpars.dataflow.expression.DataflowExpression.invokeMethod(DataflowExpression.java:1204)
	at org.codehaus.groovy.runtime.InvokerHelper.invokePogoMethod(InvokerHelper.java:1017)
	at org.codehaus.groovy.runtime.InvokerHelper.invokeMethod(InvokerHelper.java:994)
	at groovyx.gpars.dataflow.expression.DataflowExpression.invokeMethod(DataflowExpression.java:1204)
	at org.codehaus.groovy.runtime.InvokerHelper.invokePogoMethod(InvokerHelper.java:1017)
	at org.codehaus.groovy.runtime.InvokerHelper.invokeMethod(InvokerHelper.java:994)
	at groovyx.gpars.dataflow.expression.DataflowExpression.invokeMethod(DataflowExpression.java:1204)
	at org.codehaus.groovy.runtime.InvokerHelper.invokePogoMethod(InvokerHelper.java:1017)
	at org.codehaus.groovy.runtime.InvokerHelper.invokeMethod(InvokerHelper.java:994)
	at groovyx.gpars.dataflow.expression.DataflowExpression.invokeMethod(DataflowExpression.java:1204)
	at org.codehaus.groovy.runtime.InvokerHelper.invokePogoMethod(InvokerHelper.java:1017)
	at org.codehaus.groovy.runtime.InvokerHelper.invokeMethod(InvokerHelper.java:994)
	at groovyx.gpars.dataflow.expression.DataflowExpression.invokeMethod(DataflowExpression.java:1204)
	at org.codehaus.groovy.runtime.InvokerHelper.invokePogoMethod(InvokerHelper.java:1017)
	at org.codehaus.groovy.runtime.InvokerHelper.invokeMethod(InvokerHelper.java:994)
	at groovyx.gpars.dataflow.expression.DataflowExpression.invokeMethod(DataflowExpression.java:1204)
	at org.codehaus.groovy.runtime.InvokerHelper.invokePogoMethod(InvokerHelper.java:1017)
	at org.codehaus.groovy.runtime.InvokerHelper.invokeMethod(InvokerHelper.java:994)
	at groovyx.gpars.dataflow.expression.DataflowExpression.invokeMethod(DataflowExpression.java:1204)
	at org.codehaus.groovy.runtime.InvokerHelper.invokePogoMethod(InvokerHelper.java:1017)
	at org.codehaus.groovy.runtime.InvokerHelper.invokeMethod(InvokerHelper.java:994)
	at groovyx.gpars.dataflow.expression.DataflowExpression.invokeMethod(DataflowExpression.java:1204)
	at org.codehaus.groovy.runtime.InvokerHelper.invokePogoMethod(InvokerHelper.java:1017)
	at org.codehaus.groovy.runtime.InvokerHelper.invokeMethod(InvokerHelper.java:994)
	at groovyx.gpars.dataflow.expression.DataflowExpression.invokeMethod(DataflowExpression.java:1204)
	at org.codehaus.groovy.runtime.InvokerHelper.invokePogoMethod(InvokerHelper.java:1017)
	at org.codehaus.groovy.runtime.InvokerHelper.invokeMethod(InvokerHelper.java:994)
	at groovyx.gpars.dataflow.expression.DataflowExpression.invokeMethod(DataflowExpression.java:1204)
	at org.codehaus.groovy.runtime.InvokerHelper.invokePogoMethod(InvokerHelper.java:1017)
	at org.codehaus.groovy.runtime.InvokerHelper.invokeMethod(InvokerHelper.java:994)
	at groovyx.gpars.dataflow.expression.DataflowExpression.invokeMethod(DataflowExpression.java:1204)
	at org.codehaus.groovy.runtime.InvokerHelper.invokePogoMethod(InvokerHelper.java:1017)
	at org.codehaus.groovy.runtime.InvokerHelper.invokeMethod(InvokerHelper.java:994)
	at groovyx.gpars.dataflow.expression.DataflowExpression.invokeMethod(DataflowExpression.java:1204)
	at org.codehaus.groovy.runtime.InvokerHelper.invokePogoMethod(InvokerHelper.java:1017)
	at org.codehaus.groovy.runtime.InvokerHelper.invokeMethod(InvokerHelper.java:994)
	at groovyx.gpars.dataflow.expression.DataflowExpression.invokeMethod(DataflowExpression.java:1204)
	at org.codehaus.groovy.runtime.InvokerHelper.invokePogoMethod(InvokerHelper.java:1017)
	at org.codehaus.groovy.runtime.InvokerHelper.invokeMethod(InvokerHelper.java:994)
	at groovyx.gpars.dataflow.expression.DataflowExpression.invokeMethod(DataflowExpression.java:1204)
	at org.codehaus.groovy.runtime.InvokerHelper.invokePogoMethod(InvokerHelper.java:1017)
	at org.codehaus.groovy.runtime.InvokerHelper.invokeMethod(InvokerHelper.java:994)
	at groovyx.gpars.dataflow.expression.DataflowExpression.invokeMethod(DataflowExpression.java:1204)
	at org.codehaus.groovy.runtime.InvokerHelper.invokePogoMethod(InvokerHelper.java:1017)
	at org.codehaus.groovy.runtime.InvokerHelper.invokeMethod(InvokerHelper.java:994)
	at groovyx.gpars.dataflow.expression.DataflowExpression.invokeMethod(DataflowExpression.java:1204)
	at org.codehaus.groovy.runtime.InvokerHelper.invokePogoMethod(InvokerHelper.java:1017)
	at org.codehaus.groovy.runtime.InvokerHelper.invokeMethod(InvokerHelper.java:994)
	at groovyx.gpars.dataflow.expression.DataflowExpression.invokeMethod(DataflowExpression.java:1204)
	at org.codehaus.groovy.runtime.InvokerHelper.invokePogoMethod(InvokerHelper.java:1017)
	at org.codehaus.groovy.runtime.InvokerHelper.invokeMethod(InvokerHelper.java:994)
	at groovyx.gpars.dataflow.expression.DataflowExpression.invokeMethod(DataflowExpression.java:1204)
	at org.codehaus.groovy.runtime.InvokerHelper.invokePogoMethod(InvokerHelper.java:1017)
	at org.codehaus.groovy.runtime.InvokerHelper.invokeMethod(InvokerHelper.java:994)
	at groovyx.gpars.dataflow.expression.DataflowExpression.invokeMethod(DataflowExpression.java:1204)
	at org.codehaus.groovy.runtime.InvokerHelper.invokePogoMethod(InvokerHelper.java:1017)
	at org.codehaus.groovy.runtime.InvokerHelper.invokeMethod(InvokerHelper.java:994)
	at groovyx.gpars.dataflow.expression.DataflowExpression.invokeMethod(DataflowExpression.java:1204)
	at org.codehaus.groovy.runtime.InvokerHelper.invokePogoMethod(InvokerHelper.java:1017)
	at org.codehaus.groovy.runtime.InvokerHelper.invokeMethod(InvokerHelper.java:994)
	at groovyx.gpars.dataflow.expression.DataflowExpression.invokeMethod(DataflowExpression.java:1204)
	at org.codehaus.groovy.runtime.InvokerHelper.invokePogoMethod(InvokerHelper.java:1017)
	at org.codehaus.groovy.runtime.InvokerHelper.invokeMethod(InvokerHelper.java:994)
	at groovyx.gpars.dataflow.expression.DataflowExpression.invokeMethod(DataflowExpression.java:1204)
	at org.codehaus.groovy.runtime.InvokerHelper.invokePogoMethod(InvokerHelper.java:1017)
	at org.codehaus.groovy.runtime.InvokerHelper.invokeMethod(InvokerHelper.java:994)
	at groovyx.gpars.dataflow.expression.DataflowExpression.invokeMethod(DataflowExpression.java:1204)
	at org.codehaus.groovy.runtime.InvokerHelper.invokePogoMethod(InvokerHelper.java:1017)
	at org.codehaus.groovy.runtime.InvokerHelper.invokeMethod(InvokerHelper.java:994)
	at groovyx.gpars.dataflow.expression.DataflowExpression.invokeMethod(DataflowExpression.java:1204)
	at org.codehaus.groovy.runtime.InvokerHelper.invokePogoMethod(InvokerHelper.java:1017)
	at org.codehaus.groovy.runtime.InvokerHelper.invokeMethod(InvokerHelper.java:994)
	at groovyx.gpars.dataflow.expression.DataflowExpression.invokeMethod(DataflowExpression.java:1204)
	at org.codehaus.groovy.runtime.InvokerHelper.invokePogoMethod(InvokerHelper.java:1017)
	at org.codehaus.groovy.runtime.InvokerHelper.invokeMethod(InvokerHelper.java:994)
	at groovyx.gpars.dataflow.expression.DataflowExpression.invokeMethod(DataflowExpression.java:1204)
	at org.codehaus.groovy.runtime.InvokerHelper.invokePogoMethod(InvokerHelper.java:1017)
	at org.codehaus.groovy.runtime.InvokerHelper.invokeMethod(InvokerHelper.java:994)
	at groovyx.gpars.dataflow.expression.DataflowExpression.invokeMethod(DataflowExpression.java:1204)
	at org.codehaus.groovy.runtime.InvokerHelper.invokePogoMethod(InvokerHelper.java:1017)
	at org.codehaus.groovy.runtime.InvokerHelper.invokeMethod(InvokerHelper.java:994)
	at groovyx.gpars.dataflow.expression.DataflowExpression.invokeMethod(DataflowExpression.java:1204)
	at org.codehaus.groovy.runtime.InvokerHelper.invokePogoMethod(InvokerHelper.java:1017)
	at org.codehaus.groovy.runtime.InvokerHelper.invokeMethod(InvokerHelper.java:994)
	at groovyx.gpars.dataflow.expression.DataflowExpression.invokeMethod(DataflowExpression.java:1204)
	at org.codehaus.groovy.runtime.InvokerHelper.invokePogoMethod(InvokerHelper.java:1017)
	at org.codehaus.groovy.runtime.InvokerHelper.invokeMethod(InvokerHelper.java:994)
	at groovyx.gpars.dataflow.expression.DataflowExpression.invokeMethod(DataflowExpression.java:1204)
	at org.codehaus.groovy.runtime.InvokerHelper.invokePogoMethod(InvokerHelper.java:1017)
	at org.codehaus.groovy.runtime.InvokerHelper.invokeMethod(InvokerHelper.java:994)
	at groovyx.gpars.dataflow.expression.DataflowExpression.invokeMethod(DataflowExpression.java:1204)
	at org.codehaus.groovy.runtime.InvokerHelper.invokePogoMethod(InvokerHelper.java:1017)
	at org.codehaus.groovy.runtime.InvokerHelper.invokeMethod(InvokerHelper.java:994)
	at groovyx.gpars.dataflow.expression.DataflowExpression.invokeMethod(DataflowExpression.java:1204)
	at org.codehaus.groovy.runtime.InvokerHelper.invokePogoMethod(InvokerHelper.java:1017)
	at org.codehaus.groovy.runtime.InvokerHelper.invokeMethod(InvokerHelper.java:994)
	at groovyx.gpars.dataflow.expression.DataflowExpression.invokeMethod(DataflowExpression.java:1204)
	at org.codehaus.groovy.runtime.InvokerHelper.invokePogoMethod(InvokerHelper.java:1017)
	at org.codehaus.groovy.runtime.InvokerHelper.invokeMethod(InvokerHelper.java:994)
	at groovyx.gpars.dataflow.expression.DataflowExpression.invokeMethod(DataflowExpression.java:1204)
	at org.codehaus.groovy.runtime.InvokerHelper.invokePogoMethod(InvokerHelper.java:1017)
	at org.codehaus.groovy.runtime.InvokerHelper.invokeMethod(InvokerHelper.java:994)
	at groovyx.gpars.dataflow.expression.DataflowExpression.invokeMethod(DataflowExpression.java:1204)
	at org.codehaus.groovy.runtime.InvokerHelper.invokePogoMethod(InvokerHelper.java:1017)
	at org.codehaus.groovy.runtime.InvokerHelper.invokeMethod(InvokerHelper.java:994)
	at groovyx.gpars.dataflow.expression.DataflowExpression.invokeMethod(DataflowExpression.java:1204)
	at org.codehaus.groovy.runtime.InvokerHelper.invokePogoMethod(InvokerHelper.java:1017)
	at org.codehaus.groovy.runtime.InvokerHelper.invokeMethod(InvokerHelper.java:994)
	at groovyx.gpars.dataflow.expression.DataflowExpression.invokeMethod(DataflowExpression.java:1204)
	at org.codehaus.groovy.runtime.InvokerHelper.invokePogoMethod(InvokerHelper.java:1017)
	at org.codehaus.groovy.runtime.InvokerHelper.invokeMethod(InvokerHelper.java:994)
	at groovyx.gpars.dataflow.expression.DataflowExpression.invokeMethod(DataflowExpression.java:1204)
	at org.codehaus.groovy.runtime.InvokerHelper.invokePogoMethod(InvokerHelper.java:1017)
	at org.codehaus.groovy.runtime.InvokerHelper.invokeMethod(InvokerHelper.java:994)
	at groovyx.gpars.dataflow.expression.DataflowExpression.invokeMethod(DataflowExpression.java:1204)
	at org.codehaus.groovy.runtime.InvokerHelper.invokePogoMethod(InvokerHelper.java:1017)
	at org.codehaus.groovy.runtime.InvokerHelper.invokeMethod(InvokerHelper.java:994)
	at groovyx.gpars.dataflow.expression.DataflowExpression.invokeMethod(DataflowExpression.java:1204)
	at org.codehaus.groovy.runtime.InvokerHelper.invokePogoMethod(InvokerHelper.java:1017)
	at org.codehaus.groovy.runtime.InvokerHelper.invokeMethod(InvokerHelper.java:994)
	at groovyx.gpars.dataflow.expression.DataflowExpression.invokeMethod(DataflowExpression.java:1204)
	at org.codehaus.groovy.runtime.InvokerHelper.invokePogoMethod(InvokerHelper.java:1017)
	at org.codehaus.groovy.runtime.InvokerHelper.invokeMethod(InvokerHelper.java:994)
	at groovyx.gpars.dataflow.expression.DataflowExpression.invokeMethod(DataflowExpression.java:1204)
	at org.codehaus.groovy.runtime.InvokerHelper.invokePogoMethod(InvokerHelper.java:1017)
	at org.codehaus.groovy.runtime.InvokerHelper.invokeMethod(InvokerHelper.java:994)
	at groovyx.gpars.dataflow.expression.DataflowExpression.invokeMethod(DataflowExpression.java:1204)
	at org.codehaus.groovy.runtime.InvokerHelper.invokePogoMethod(InvokerHelper.java:1017)
	at org.codehaus.groovy.runtime.InvokerHelper.invokeMethod(InvokerHelper.java:994)
	at groovyx.gpars.dataflow.expression.DataflowExpression.invokeMethod(DataflowExpression.java:1204)
	at org.codehaus.groovy.runtime.InvokerHelper.invokePogoMethod(InvokerHelper.java:1017)
	at org.codehaus.groovy.runtime.InvokerHelper.invokeMethod(InvokerHelper.java:994)
	at groovyx.gpars.dataflow.expression.DataflowExpression.invokeMethod(DataflowExpression.java:1204)
	at org.codehaus.groovy.runtime.InvokerHelper.invokePogoMethod(InvokerHelper.java:1017)
	at org.codehaus.groovy.runtime.InvokerHelper.invokeMethod(InvokerHelper.java:994)
	at groovyx.gpars.dataflow.expression.DataflowExpression.invokeMethod(DataflowExpression.java:1204)
	at org.codehaus.groovy.runtime.InvokerHelper.invokePogoMethod(InvokerHelper.java:1017)
	at org.codehaus.groovy.runtime.InvokerHelper.invokeMethod(InvokerHelper.java:994)
	at groovyx.gpars.dataflow.expression.DataflowExpression.invokeMethod(DataflowExpression.java:1204)
	at org.codehaus.groovy.runtime.InvokerHelper.invokePogoMethod(InvokerHelper.java:1017)
	at org.codehaus.groovy.runtime.InvokerHelper.invokeMethod(InvokerHelper.java:994)
	at groovyx.gpars.dataflow.expression.DataflowExpression.invokeMethod(DataflowExpression.java:1204)
	at org.codehaus.groovy.runtime.InvokerHelper.invokePogoMethod(InvokerHelper.java:1017)
	at org.codehaus.groovy.runtime.InvokerHelper.invokeMethod(InvokerHelper.java:994)
	at groovyx.gpars.dataflow.expression.DataflowExpression.invokeMethod(DataflowExpression.java:1204)
	at org.codehaus.groovy.runtime.InvokerHelper.invokePogoMethod(InvokerHelper.java:1017)
	at org.codehaus.groovy.runtime.InvokerHelper.invokeMethod(InvokerHelper.java:994)
	at groovyx.gpars.dataflow.expression.DataflowExpression.invokeMethod(DataflowExpression.java:1204)
	at org.codehaus.groovy.runtime.InvokerHelper.invokePogoMethod(InvokerHelper.java:1017)
	at org.codehaus.groovy.runtime.InvokerHelper.invokeMethod(InvokerHelper.java:994)
	at groovyx.gpars.dataflow.expression.DataflowExpression.invokeMethod(DataflowExpression.java:1204)
	at org.codehaus.groovy.runtime.InvokerHelper.invokePogoMethod(InvokerHelper.java:1017)
	at org.codehaus.groovy.runtime.InvokerHelper.invokeMethod(InvokerHelper.java:994)
	at groovyx.gpars.dataflow.expression.DataflowExpression.invokeMethod(DataflowExpression.java:1204)
	at org.codehaus.groovy.runtime.InvokerHelper.invokePogoMethod(InvokerHelper.java:1017)
	at org.codehaus.groovy.runtime.InvokerHelper.invokeMethod(InvokerHelper.java:994)
	at groovyx.gpars.dataflow.expression.DataflowExpression.invokeMethod(DataflowExpression.java:1204)
	at org.codehaus.groovy.runtime.InvokerHelper.invokePogoMethod(InvokerHelper.java:1017)
	at org.codehaus.groovy.runtime.InvokerHelper.invokeMethod(InvokerHelper.java:994)
	at groovyx.gpars.dataflow.expression.DataflowExpression.invokeMethod(DataflowExpression.java:1204)
	at org.codehaus.groovy.runtime.InvokerHelper.invokePogoMethod(InvokerHelper.java:1017)
	at org.codehaus.groovy.runtime.InvokerHelper.invokeMethod(InvokerHelper.java:994)
	at groovyx.gpars.dataflow.expression.DataflowExpression.invokeMethod(DataflowExpression.java:1204)
	at org.codehaus.groovy.runtime.InvokerHelper.invokePogoMethod(InvokerHelper.java:1017)
	at org.codehaus.groovy.runtime.InvokerHelper.invokeMethod(InvokerHelper.java:994)
	at groovyx.gpars.dataflow.expression.DataflowExpression.invokeMethod(DataflowExpression.java:1204)
	at org.codehaus.groovy.runtime.InvokerHelper.invokePogoMethod(InvokerHelper.java:1017)
	at org.codehaus.groovy.runtime.InvokerHelper.invokeMethod(InvokerHelper.java:994)
	at groovyx.gpars.dataflow.expression.DataflowExpression.invokeMethod(DataflowExpression.java:1204)
	at org.codehaus.groovy.runtime.InvokerHelper.invokePogoMethod(InvokerHelper.java:1017)
	at org.codehaus.groovy.runtime.InvokerHelper.invokeMethod(InvokerHelper.java:994)
	at groovyx.gpars.dataflow.expression.DataflowExpression.invokeMethod(DataflowExpression.java:1204)
	at org.codehaus.groovy.runtime.InvokerHelper.invokePogoMethod(InvokerHelper.java:1017)
	at org.codehaus.groovy.runtime.InvokerHelper.invokeMethod(InvokerHelper.java:994)
	at groovyx.gpars.dataflow.expression.DataflowExpression.invokeMethod(DataflowExpression.java:1204)
	at org.codehaus.groovy.runtime.InvokerHelper.invokePogoMethod(InvokerHelper.java:1017)
	at org.codehaus.groovy.runtime.InvokerHelper.invokeMethod(InvokerHelper.java:994)
	at groovyx.gpars.dataflow.expression.DataflowExpression.invokeMethod(DataflowExpression.java:1204)
	at org.codehaus.groovy.runtime.InvokerHelper.invokePogoMethod(InvokerHelper.java:1017)
	at org.codehaus.groovy.runtime.InvokerHelper.invokeMethod(InvokerHelper.java:994)
	at groovyx.gpars.dataflow.expression.DataflowExpression.invokeMethod(DataflowExpression.java:1204)
	at org.codehaus.groovy.runtime.InvokerHelper.invokePogoMethod(InvokerHelper.java:1017)
	at org.codehaus.groovy.runtime.InvokerHelper.invokeMethod(InvokerHelper.java:994)
	at groovyx.gpars.dataflow.expression.DataflowExpression.invokeMethod(DataflowExpression.java:1204)
	at org.codehaus.groovy.runtime.InvokerHelper.invokePogoMethod(InvokerHelper.java:1017)
	at org.codehaus.groovy.runtime.InvokerHelper.invokeMethod(InvokerHelper.java:994)
	at groovyx.gpars.dataflow.expression.DataflowExpression.invokeMethod(DataflowExpression.java:1204)
	at org.codehaus.groovy.runtime.InvokerHelper.invokePogoMethod(InvokerHelper.java:1017)
	at org.codehaus.groovy.runtime.InvokerHelper.invokeMethod(InvokerHelper.java:994)
	at groovyx.gpars.dataflow.expression.DataflowExpression.invokeMethod(DataflowExpression.java:1204)
	at org.codehaus.groovy.runtime.InvokerHelper.invokePogoMethod(InvokerHelper.java:1017)
	at org.codehaus.groovy.runtime.InvokerHelper.invokeMethod(InvokerHelper.java:994)
	at groovyx.gpars.dataflow.expression.DataflowExpression.invokeMethod(DataflowExpression.java:1204)
	at org.codehaus.groovy.runtime.InvokerHelper.invokePogoMethod(InvokerHelper.java:1017)
	at org.codehaus.groovy.runtime.InvokerHelper.invokeMethod(InvokerHelper.java:994)
	at groovyx.gpars.dataflow.expression.DataflowExpression.invokeMethod(DataflowExpression.java:1204)
	at org.codehaus.groovy.runtime.InvokerHelper.invokePogoMethod(InvokerHelper.java:1017)
	at org.codehaus.groovy.runtime.InvokerHelper.invokeMethod(InvokerHelper.java:994)
	at groovyx.gpars.dataflow.expression.DataflowExpression.invokeMethod(DataflowExpression.java:1204)
	at org.codehaus.groovy.runtime.InvokerHelper.invokePogoMethod(InvokerHelper.java:1017)
	at org.codehaus.groovy.runtime.InvokerHelper.invokeMethod(InvokerHelper.java:994)
	at groovyx.gpars.dataflow.expression.DataflowExpression.invokeMethod(DataflowExpression.java:1204)
	at org.codehaus.groovy.runtime.InvokerHelper.invokePogoMethod(InvokerHelper.java:1017)
	at org.codehaus.groovy.runtime.InvokerHelper.invokeMethod(InvokerHelper.java:994)
	at groovyx.gpars.dataflow.expression.DataflowExpression.invokeMethod(DataflowExpression.java:1204)
	at org.codehaus.groovy.runtime.InvokerHelper.invokePogoMethod(InvokerHelper.java:1017)
	at org.codehaus.groovy.runtime.InvokerHelper.invokeMethod(InvokerHelper.java:994)
	at groovyx.gpars.dataflow.expression.DataflowExpression.invokeMethod(DataflowExpression.java:1204)
	at org.codehaus.groovy.runtime.InvokerHelper.invokePogoMethod(InvokerHelper.java:1017)
	at org.codehaus.groovy.runtime.InvokerHelper.invokeMethod(InvokerHelper.java:994)
	at groovyx.gpars.dataflow.expression.DataflowExpression.invokeMethod(DataflowExpression.java:1204)
	at org.codehaus.groovy.runtime.InvokerHelper.invokePogoMethod(InvokerHelper.java:1017)
	at org.codehaus.groovy.runtime.InvokerHelper.invokeMethod(InvokerHelper.java:994)
	at groovyx.gpars.dataflow.expression.DataflowExpression.invokeMethod(DataflowExpression.java:1204)
	at org.codehaus.groovy.runtime.InvokerHelper.invokePogoMethod(InvokerHelper.java:1017)
	at org.codehaus.groovy.runtime.InvokerHelper.invokeMethod(InvokerHelper.java:994)
	at groovyx.gpars.dataflow.expression.DataflowExpression.invokeMethod(DataflowExpression.java:1204)
	at org.codehaus.groovy.runtime.InvokerHelper.invokePogoMethod(InvokerHelper.java:1017)
	at org.codehaus.groovy.runtime.InvokerHelper.invokeMethod(InvokerHelper.java:994)
	at groovyx.gpars.dataflow.expression.DataflowExpression.invokeMethod(DataflowExpression.java:1204)
	at org.codehaus.groovy.runtime.InvokerHelper.invokePogoMethod(InvokerHelper.java:1017)
	at org.codehaus.groovy.runtime.InvokerHelper.invokeMethod(InvokerHelper.java:994)
	at groovyx.gpars.dataflow.expression.DataflowExpression.invokeMethod(DataflowExpression.java:1204)
	at org.codehaus.groovy.runtime.InvokerHelper.invokePogoMethod(InvokerHelper.java:1017)
	at org.codehaus.groovy.runtime.InvokerHelper.invokeMethod(InvokerHelper.java:994)
	at groovyx.gpars.dataflow.expression.DataflowExpression.invokeMethod(DataflowExpression.java:1204)
	at org.codehaus.groovy.runtime.InvokerHelper.invokePogoMethod(InvokerHelper.java:1017)
	at org.codehaus.groovy.runtime.InvokerHelper.invokeMethod(InvokerHelper.java:994)
	at groovyx.gpars.dataflow.expression.DataflowExpression.invokeMethod(DataflowExpression.java:1204)
	at org.codehaus.groovy.runtime.InvokerHelper.invokePogoMethod(InvokerHelper.java:1017)
	at org.codehaus.groovy.runtime.InvokerHelper.invokeMethod(InvokerHelper.java:994)
	at groovyx.gpars.dataflow.expression.DataflowExpression.invokeMethod(DataflowExpression.java:1204)
	at org.codehaus.groovy.runtime.InvokerHelper.invokePogoMethod(InvokerHelper.java:1017)
	at org.codehaus.groovy.runtime.InvokerHelper.invokeMethod(InvokerHelper.java:994)
	at groovyx.gpars.dataflow.expression.DataflowExpression.invokeMethod(DataflowExpression.java:1204)
	at org.codehaus.groovy.runtime.InvokerHelper.invokePogoMethod(InvokerHelper.java:1017)
	at org.codehaus.groovy.runtime.InvokerHelper.invokeMethod(InvokerHelper.java:994)
	at groovyx.gpars.dataflow.expression.DataflowExpression.invokeMethod(DataflowExpression.java:1204)
	at org.codehaus.groovy.runtime.InvokerHelper.invokePogoMethod(InvokerHelper.java:1017)
	at org.codehaus.groovy.runtime.InvokerHelper.invokeMethod(InvokerHelper.java:994)
	at groovyx.gpars.dataflow.expression.DataflowExpression.invokeMethod(DataflowExpression.java:1204)
	at org.codehaus.groovy.runtime.InvokerHelper.invokePogoMethod(InvokerHelper.java:1017)
	at org.codehaus.groovy.runtime.InvokerHelper.invokeMethod(InvokerHelper.java:994)
	at groovyx.gpars.dataflow.expression.DataflowExpression.invokeMethod(DataflowExpression.java:1204)
	at org.codehaus.groovy.runtime.InvokerHelper.invokePogoMethod(InvokerHelper.java:1017)
	at org.codehaus.groovy.runtime.InvokerHelper.invokeMethod(InvokerHelper.java:994)
	at groovyx.gpars.dataflow.expression.DataflowExpression.invokeMethod(DataflowExpression.java:1204)
	at org.codehaus.groovy.runtime.InvokerHelper.invokePogoMethod(InvokerHelper.java:1017)
	at org.codehaus.groovy.runtime.InvokerHelper.invokeMethod(InvokerHelper.java:994)
	at groovyx.gpars.dataflow.expression.DataflowExpression.invokeMethod(DataflowExpression.java:1204)
	at org.codehaus.groovy.runtime.InvokerHelper.invokePogoMethod(InvokerHelper.java:1017)
	at org.codehaus.groovy.runtime.InvokerHelper.invokeMethod(InvokerHelper.java:994)
	at groovyx.gpars.dataflow.expression.DataflowExpression.invokeMethod(DataflowExpression.java:1204)
	at org.codehaus.groovy.runtime.InvokerHelper.invokePogoMethod(InvokerHelper.java:1017)
	at org.codehaus.groovy.runtime.InvokerHelper.invokeMethod(InvokerHelper.java:994)
	at groovyx.gpars.dataflow.expression.DataflowExpression.invokeMethod(DataflowExpression.java:1204)
	at org.codehaus.groovy.runtime.InvokerHelper.invokePogoMethod(InvokerHelper.java:1017)
	at org.codehaus.groovy.runtime.InvokerHelper.invokeMethod(InvokerHelper.java:994)
	at groovyx.gpars.dataflow.expression.DataflowExpression.invokeMethod(DataflowExpression.java:1204)
	at org.codehaus.groovy.runtime.InvokerHelper.invokePogoMethod(InvokerHelper.java:1017)
	at org.codehaus.groovy.runtime.InvokerHelper.invokeMethod(InvokerHelper.java:994)
	at groovyx.gpars.dataflow.expression.DataflowExpression.invokeMethod(DataflowExpression.java:1204)
	at org.codehaus.groovy.runtime.InvokerHelper.invokePogoMethod(InvokerHelper.java:1017)
	at org.codehaus.groovy.runtime.InvokerHelper.invokeMethod(InvokerHelper.java:994)
	at groovyx.gpars.dataflow.expression.DataflowExpression.invokeMethod(DataflowExpression.java:1204)
	at org.codehaus.groovy.runtime.InvokerHelper.invokePogoMethod(InvokerHelper.java:1017)
	at org.codehaus.groovy.runtime.InvokerHelper.invokeMethod(InvokerHelper.java:994)
	at groovyx.gpars.dataflow.expression.DataflowExpression.invokeMethod(DataflowExpression.java:1204)
	at org.codehaus.groovy.runtime.InvokerHelper.invokePogoMethod(InvokerHelper.java:1017)
	at org.codehaus.groovy.runtime.InvokerHelper.invokeMethod(InvokerHelper.java:994)
	at groovyx.gpars.dataflow.expression.DataflowExpression.invokeMethod(DataflowExpression.java:1204)
	at org.codehaus.groovy.runtime.InvokerHelper.invokePogoMethod(InvokerHelper.java:1017)
	at org.codehaus.groovy.runtime.InvokerHelper.invokeMethod(InvokerHelper.java:994)
	at groovyx.gpars.dataflow.expression.DataflowExpression.invokeMethod(DataflowExpression.java:1204)
	at org.codehaus.groovy.runtime.InvokerHelper.invokePogoMethod(InvokerHelper.java:1017)
	at org.codehaus.groovy.runtime.InvokerHelper.invokeMethod(InvokerHelper.java:994)
	at groovyx.gpars.dataflow.expression.DataflowExpression.invokeMethod(DataflowExpression.java:1204)
	at org.codehaus.groovy.runtime.InvokerHelper.invokePogoMethod(InvokerHelper.java:1017)
	at org.codehaus.groovy.runtime.InvokerHelper.invokeMethod(InvokerHelper.java:994)
	at groovyx.gpars.dataflow.expression.DataflowExpression.invokeMethod(DataflowExpression.java:1204)
	at org.codehaus.groovy.runtime.InvokerHelper.invokePogoMethod(InvokerHelper.java:1017)
	at org.codehaus.groovy.runtime.InvokerHelper.invokeMethod(InvokerHelper.java:994)
	at groovyx.gpars.dataflow.expression.DataflowExpression.invokeMethod(DataflowExpression.java:1204)
	at org.codehaus.groovy.runtime.InvokerHelper.invokePogoMethod(InvokerHelper.java:1017)
	at org.codehaus.groovy.runtime.InvokerHelper.invokeMethod(InvokerHelper.java:994)
	at groovyx.gpars.dataflow.expression.DataflowExpression.invokeMethod(DataflowExpression.java:1204)
	at org.codehaus.groovy.runtime.InvokerHelper.invokePogoMethod(InvokerHelper.java:1017)
	at org.codehaus.groovy.runtime.InvokerHelper.invokeMethod(InvokerHelper.java:994)
	at groovyx.gpars.dataflow.expression.DataflowExpression.invokeMethod(DataflowExpression.java:1204)
	at org.codehaus.groovy.runtime.InvokerHelper.invokePogoMethod(InvokerHelper.java:1017)
	at org.codehaus.groovy.runtime.InvokerHelper.invokeMethod(InvokerHelper.java:994)
	at groovyx.gpars.dataflow.expression.DataflowExpression.invokeMethod(DataflowExpression.java:1204)
	at org.codehaus.groovy.runtime.InvokerHelper.invokePogoMethod(InvokerHelper.java:1017)
	at org.codehaus.groovy.runtime.InvokerHelper.invokeMethod(InvokerHelper.java:994)
	at groovyx.gpars.dataflow.expression.DataflowExpression.invokeMethod(DataflowExpression.java:1204)
	at org.codehaus.groovy.runtime.InvokerHelper.invokePogoMethod(InvokerHelper.java:1017)
	at org.codehaus.groovy.runtime.InvokerHelper.invokeMethod(InvokerHelper.java:994)
	at groovyx.gpars.dataflow.expression.DataflowExpression.invokeMethod(DataflowExpression.java:1204)
	at org.codehaus.groovy.runtime.InvokerHelper.invokePogoMethod(InvokerHelper.java:1017)
	at org.codehaus.groovy.runtime.InvokerHelper.invokeMethod(InvokerHelper.java:994)
	at groovyx.gpars.dataflow.expression.DataflowExpression.invokeMethod(DataflowExpression.java:1204)
	at org.codehaus.groovy.runtime.InvokerHelper.invokePogoMethod(InvokerHelper.java:1017)
	at org.codehaus.groovy.runtime.InvokerHelper.invokeMethod(InvokerHelper.java:994)
	at groovyx.gpars.dataflow.expression.DataflowExpression.invokeMethod(DataflowExpression.java:1204)
	at org.codehaus.groovy.runtime.InvokerHelper.invokePogoMethod(InvokerHelper.java:1017)
	at org.codehaus.groovy.runtime.InvokerHelper.invokeMethod(InvokerHelper.java:994)
	at groovyx.gpars.dataflow.expression.DataflowExpression.invokeMethod(DataflowExpression.java:1204)
	at org.codehaus.groovy.runtime.InvokerHelper.invokePogoMethod(InvokerHelper.java:1017)
	at org.codehaus.groovy.runtime.InvokerHelper.invokeMethod(InvokerHelper.java:994)
	at groovyx.gpars.dataflow.expression.DataflowExpression.invokeMethod(DataflowExpression.java:1204)
	at org.codehaus.groovy.runtime.InvokerHelper.invokePogoMethod(InvokerHelper.java:1017)
	at org.codehaus.groovy.runtime.InvokerHelper.invokeMethod(InvokerHelper.java:994)
	at groovyx.gpars.dataflow.expression.DataflowExpression.invokeMethod(DataflowExpression.java:1204)
	at org.codehaus.groovy.runtime.InvokerHelper.invokePogoMethod(InvokerHelper.java:1017)
	at org.codehaus.groovy.runtime.InvokerHelper.invokeMethod(InvokerHelper.java:994)
	at groovyx.gpars.dataflow.expression.DataflowExpression.invokeMethod(DataflowExpression.java:1204)
	at org.codehaus.groovy.runtime.InvokerHelper.invokePogoMethod(InvokerHelper.java:1017)
	at org.codehaus.groovy.runtime.InvokerHelper.invokeMethod(InvokerHelper.java:994)
	at groovyx.gpars.dataflow.expression.DataflowExpression.invokeMethod(DataflowExpression.java:1204)
	at org.codehaus.groovy.runtime.InvokerHelper.invokePogoMethod(InvokerHelper.java:1017)
	at org.codehaus.groovy.runtime.InvokerHelper.invokeMethod(InvokerHelper.java:994)
	at groovyx.gpars.dataflow.expression.DataflowExpression.invokeMethod(DataflowExpression.java:1204)
	at org.codehaus.groovy.runtime.InvokerHelper.invokePogoMethod(InvokerHelper.java:1017)
	at org.codehaus.groovy.runtime.InvokerHelper.invokeMethod(InvokerHelper.java:994)
	at groovyx.gpars.dataflow.expression.DataflowExpression.invokeMethod(DataflowExpression.java:1204)
	at org.codehaus.groovy.runtime.InvokerHelper.invokePogoMethod(InvokerHelper.java:1017)
	at org.codehaus.groovy.runtime.InvokerHelper.invokeMethod(InvokerHelper.java:994)
	at groovyx.gpars.dataflow.expression.DataflowExpression.invokeMethod(DataflowExpression.java:1204)
	at org.codehaus.groovy.runtime.InvokerHelper.invokePogoMethod(InvokerHelper.java:1017)
	at org.codehaus.groovy.runtime.InvokerHelper.invokeMethod(InvokerHelper.java:994)
	at groovyx.gpars.dataflow.expression.DataflowExpression.invokeMethod(DataflowExpression.java:1204)
	at org.codehaus.groovy.runtime.InvokerHelper.invokePogoMethod(InvokerHelper.java:1017)
	at org.codehaus.groovy.runtime.InvokerHelper.invokeMethod(InvokerHelper.java:994)
	at groovyx.gpars.dataflow.expression.DataflowExpression.invokeMethod(DataflowExpression.java:1204)
	at org.codehaus.groovy.runtime.InvokerHelper.invokePogoMethod(InvokerHelper.java:1017)
	at org.codehaus.groovy.runtime.InvokerHelper.invokeMethod(InvokerHelper.java:994)
	at groovyx.gpars.dataflow.expression.DataflowExpression.invokeMethod(DataflowExpression.java:1204)
	at org.codehaus.groovy.runtime.InvokerHelper.invokePogoMethod(InvokerHelper.java:1017)
	at org.codehaus.groovy.runtime.InvokerHelper.invokeMethod(InvokerHelper.java:994)
	at groovyx.gpars.dataflow.expression.DataflowExpression.invokeMethod(DataflowExpression.java:1204)
	at org.codehaus.groovy.runtime.InvokerHelper.invokePogoMethod(InvokerHelper.java:1017)
	at org.codehaus.groovy.runtime.InvokerHelper.invokeMethod(InvokerHelper.java:994)
	at groovyx.gpars.dataflow.expression.DataflowExpression.invokeMethod(DataflowExpression.java:1204)
	at org.codehaus.groovy.runtime.InvokerHelper.invokePogoMethod(InvokerHelper.java:1017)
	at org.codehaus.groovy.runtime.InvokerHelper.invokeMethod(InvokerHelper.java:994)
	at groovyx.gpars.dataflow.expression.DataflowExpression.invokeMethod(DataflowExpression.java:1204)
	at org.codehaus.groovy.runtime.InvokerHelper.invokePogoMethod(InvokerHelper.java:1017)
	at org.codehaus.groovy.runtime.InvokerHelper.invokeMethod(InvokerHelper.java:994)
	at groovyx.gpars.dataflow.expression.DataflowExpression.invokeMethod(DataflowExpression.java:1204)
	at org.codehaus.groovy.runtime.InvokerHelper.invokePogoMethod(InvokerHelper.java:1017)
	at org.codehaus.groovy.runtime.InvokerHelper.invokeMethod(InvokerHelper.java:994)
	at groovyx.gpars.dataflow.expression.DataflowExpression.invokeMethod(DataflowExpression.java:1204)
	at org.codehaus.groovy.runtime.InvokerHelper.invokePogoMethod(InvokerHelper.java:1017)
	at org.codehaus.groovy.runtime.InvokerHelper.invokeMethod(InvokerHelper.java:994)
	at groovyx.gpars.dataflow.expression.DataflowExpression.invokeMethod(DataflowExpression.java:1204)
	at org.codehaus.groovy.runtime.InvokerHelper.invokePogoMethod(InvokerHelper.java:1017)
	at org.codehaus.groovy.runtime.InvokerHelper.invokeMethod(InvokerHelper.java:994)
	at groovyx.gpars.dataflow.expression.DataflowExpression.invokeMethod(DataflowExpression.java:1204)
	at org.codehaus.groovy.runtime.InvokerHelper.invokePogoMethod(InvokerHelper.java:1017)
	at org.codehaus.groovy.runtime.InvokerHelper.invokeMethod(InvokerHelper.java:994)
	at groovyx.gpars.dataflow.expression.DataflowExpression.invokeMethod(DataflowExpression.java:1204)
	at org.codehaus.groovy.runtime.InvokerHelper.invokePogoMethod(InvokerHelper.java:1017)
	at org.codehaus.groovy.runtime.InvokerHelper.invokeMethod(InvokerHelper.java:994)
	at groovyx.gpars.dataflow.expression.DataflowExpression.invokeMethod(DataflowExpression.java:1204)
	at org.codehaus.groovy.runtime.InvokerHelper.invokePogoMethod(InvokerHelper.java:1017)
	at org.codehaus.groovy.runtime.InvokerHelper.invokeMethod(InvokerHelper.java:994)
	at groovyx.gpars.dataflow.expression.DataflowExpression.invokeMethod(DataflowExpression.java:1204)
	at org.codehaus.groovy.runtime.InvokerHelper.invokePogoMethod(InvokerHelper.java:1017)
	at org.codehaus.groovy.runtime.InvokerHelper.invokeMethod(InvokerHelper.java:994)
	at groovyx.gpars.dataflow.expression.DataflowExpression.invokeMethod(DataflowExpression.java:1204)
	at org.codehaus.groovy.runtime.InvokerHelper.invokePogoMethod(InvokerHelper.java:1017)
	at org.codehaus.groovy.runtime.InvokerHelper.invokeMethod(InvokerHelper.java:994)
	at groovyx.gpars.dataflow.expression.DataflowExpression.invokeMethod(DataflowExpression.java:1204)
	at org.codehaus.groovy.runtime.InvokerHelper.invokePogoMethod(InvokerHelper.java:1017)
	at org.codehaus.groovy.runtime.InvokerHelper.invokeMethod(InvokerHelper.java:994)
	at groovyx.gpars.dataflow.expression.DataflowExpression.invokeMethod(DataflowExpression.java:1204)
	at org.codehaus.groovy.runtime.InvokerHelper.invokePogoMethod(InvokerHelper.java:1017)
	at org.codehaus.groovy.runtime.InvokerHelper.invokeMethod(InvokerHelper.java:994)
	at groovyx.gpars.dataflow.expression.DataflowExpression.invokeMethod(DataflowExpression.java:1204)
	at org.codehaus.groovy.runtime.InvokerHelper.invokePogoMethod(InvokerHelper.java:1017)
	at org.codehaus.groovy.runtime.InvokerHelper.invokeMethod(InvokerHelper.java:994)
	at groovyx.gpars.dataflow.expression.DataflowExpression.invokeMethod(DataflowExpression.java:1204)
	at org.codehaus.groovy.runtime.InvokerHelper.invokePogoMethod(InvokerHelper.java:1017)
	at org.codehaus.groovy.runtime.InvokerHelper.invokeMethod(InvokerHelper.java:994)
	at groovyx.gpars.dataflow.expression.DataflowExpression.invokeMethod(DataflowExpression.java:1204)
	at org.codehaus.groovy.runtime.InvokerHelper.invokePogoMethod(InvokerHelper.java:1017)
	at org.codehaus.groovy.runtime.InvokerHelper.invokeMethod(InvokerHelper.java:994)
	at groovyx.gpars.dataflow.expression.DataflowExpression.invokeMethod(DataflowExpression.java:1204)
	at org.codehaus.groovy.runtime.InvokerHelper.invokePogoMethod(InvokerHelper.java:1017)
	at org.codehaus.groovy.runtime.InvokerHelper.invokeMethod(InvokerHelper.java:994)
	at groovyx.gpars.dataflow.expression.DataflowExpression.invokeMethod(DataflowExpression.java:1204)
	at org.codehaus.groovy.runtime.InvokerHelper.invokePogoMethod(InvokerHelper.java:1017)
	at org.codehaus.groovy.runtime.InvokerHelper.invokeMethod(InvokerHelper.java:994)
	at groovyx.gpars.dataflow.expression.DataflowExpression.invokeMethod(DataflowExpression.java:1204)
	at org.codehaus.groovy.runtime.InvokerHelper.invokePogoMethod(InvokerHelper.java:1017)
	at org.codehaus.groovy.runtime.InvokerHelper.invokeMethod(InvokerHelper.java:994)
	at groovyx.gpars.dataflow.expression.DataflowExpression.invokeMethod(DataflowExpression.java:1204)
	at org.codehaus.groovy.runtime.InvokerHelper.invokePogoMethod(InvokerHelper.java:1017)
	at org.codehaus.groovy.runtime.InvokerHelper.invokeMethod(InvokerHelper.java:994)
	at groovyx.gpars.dataflow.expression.DataflowExpression.invokeMethod(DataflowExpression.java:1204)
	at org.codehaus.groovy.runtime.InvokerHelper.invokePogoMethod(InvokerHelper.java:1017)
	at org.codehaus.groovy.runtime.InvokerHelper.invokeMethod(InvokerHelper.java:994)
	at groovyx.gpars.dataflow.expression.DataflowExpression.invokeMethod(DataflowExpression.java:1204)
	at org.codehaus.groovy.runtime.InvokerHelper.invokePogoMethod(InvokerHelper.java:1017)
	at org.codehaus.groovy.runtime.InvokerHelper.invokeMethod(InvokerHelper.java:994)
	at groovyx.gpars.dataflow.expression.DataflowExpression.invokeMethod(DataflowExpression.java:1204)
	at org.codehaus.groovy.runtime.InvokerHelper.invokePogoMethod(InvokerHelper.java:1017)
	at org.codehaus.groovy.runtime.InvokerHelper.invokeMethod(InvokerHelper.java:994)
	at groovyx.gpars.dataflow.expression.DataflowExpression.invokeMethod(DataflowExpression.java:1204)
	at org.codehaus.groovy.runtime.InvokerHelper.invokePogoMethod(InvokerHelper.java:1017)
	at org.codehaus.groovy.runtime.InvokerHelper.invokeMethod(InvokerHelper.java:994)
	at groovyx.gpars.dataflow.expression.DataflowExpression.invokeMethod(DataflowExpression.java:1204)
	at org.codehaus.groovy.runtime.InvokerHelper.invokePogoMethod(InvokerHelper.java:1017)
	at org.codehaus.groovy.runtime.InvokerHelper.invokeMethod(InvokerHelper.java:994)
	at groovyx.gpars.dataflow.expression.DataflowExpression.invokeMethod(DataflowExpression.java:1204)
	at org.codehaus.groovy.runtime.InvokerHelper.invokePogoMethod(InvokerHelper.java:1017)
	at org.codehaus.groovy.runtime.InvokerHelper.invokeMethod(InvokerHelper.java:994)
	at groovyx.gpars.dataflow.expression.DataflowExpression.invokeMethod(DataflowExpression.java:1204)
	at org.codehaus.groovy.runtime.InvokerHelper.invokePogoMethod(InvokerHelper.java:1017)
	at org.codehaus.groovy.runtime.InvokerHelper.invokeMethod(InvokerHelper.java:994)
	at groovyx.gpars.dataflow.expression.DataflowExpression.invokeMethod(DataflowExpression.java:1204)
	at org.codehaus.groovy.runtime.InvokerHelper.invokePogoMethod(InvokerHelper.java:1017)
	at org.codehaus.groovy.runtime.InvokerHelper.invokeMethod(InvokerHelper.java:994)
	at groovyx.gpars.dataflow.expression.DataflowExpression.invokeMethod(DataflowExpression.java:1204)
	at org.codehaus.groovy.runtime.InvokerHelper.invokePogoMethod(InvokerHelper.java:1017)
	at org.codehaus.groovy.runtime.InvokerHelper.invokeMethod(InvokerHelper.java:994)
	at groovyx.gpars.dataflow.expression.DataflowExpression.invokeMethod(DataflowExpression.java:1204)
	at org.codehaus.groovy.runtime.InvokerHelper.invokePogoMethod(InvokerHelper.java:1017)
	at org.codehaus.groovy.runtime.InvokerHelper.invokeMethod(InvokerHelper.java:994)
	at groovyx.gpars.dataflow.expression.DataflowExpression.invokeMethod(DataflowExpression.java:1204)
	at org.codehaus.groovy.runtime.InvokerHelper.invokePogoMethod(InvokerHelper.java:1017)
	at org.codehaus.groovy.runtime.InvokerHelper.invokeMethod(InvokerHelper.java:994)
	at groovyx.gpars.dataflow.expression.DataflowExpression.invokeMethod(DataflowExpression.java:1204)
	at org.codehaus.groovy.runtime.InvokerHelper.invokePogoMethod(InvokerHelper.java:1017)
	at org.codehaus.groovy.runtime.InvokerHelper.invokeMethod(InvokerHelper.java:994)
	at groovyx.gpars.dataflow.expression.DataflowExpression.invokeMethod(DataflowExpression.java:1204)
	at org.codehaus.groovy.runtime.InvokerHelper.invokePogoMethod(InvokerHelper.java:1017)
	at org.codehaus.groovy.runtime.InvokerHelper.invokeMethod(InvokerHelper.java:994)
	at groovyx.gpars.dataflow.expression.DataflowExpression.invokeMethod(DataflowExpression.java:1204)
	at org.codehaus.groovy.runtime.InvokerHelper.invokePogoMethod(InvokerHelper.java:1017)
	at org.codehaus.groovy.runtime.InvokerHelper.invokeMethod(InvokerHelper.java:994)
	at groovyx.gpars.dataflow.expression.DataflowExpression.invokeMethod(DataflowExpression.java:1204)
	at org.codehaus.groovy.runtime.InvokerHelper.invokePogoMethod(InvokerHelper.java:1017)
	at org.codehaus.groovy.runtime.InvokerHelper.invokeMethod(InvokerHelper.java:994)
	at groovyx.gpars.dataflow.expression.DataflowExpression.invokeMethod(DataflowExpression.java:1204)
	at org.codehaus.groovy.runtime.InvokerHelper.invokePogoMethod(InvokerHelper.java:1017)
	at org.codehaus.groovy.runtime.InvokerHelper.invokeMethod(InvokerHelper.java:994)
	at groovyx.gpars.dataflow.expression.DataflowExpression.invokeMethod(DataflowExpression.java:1204)
	at org.codehaus.groovy.runtime.InvokerHelper.invokePogoMethod(InvokerHelper.java:1017)
	at org.codehaus.groovy.runtime.InvokerHelper.invokeMethod(InvokerHelper.java:994)
	at groovyx.gpars.dataflow.expression.DataflowExpression.invokeMethod(DataflowExpression.java:1204)
	at org.codehaus.groovy.runtime.InvokerHelper.invokePogoMethod(InvokerHelper.java:1017)
	at org.codehaus.groovy.runtime.InvokerHelper.invokeMethod(InvokerHelper.java:994)
	at groovyx.gpars.dataflow.expression.DataflowExpression.invokeMethod(DataflowExpression.java:1204)
	at org.codehaus.groovy.runtime.InvokerHelper.invokePogoMethod(InvokerHelper.java:1017)
	at org.codehaus.groovy.runtime.InvokerHelper.invokeMethod(InvokerHelper.java:994)
	at groovyx.gpars.dataflow.expression.DataflowExpression.invokeMethod(DataflowExpression.java:1204)
	at org.codehaus.groovy.runtime.InvokerHelper.invokePogoMethod(InvokerHelper.java:1017)
	at org.codehaus.groovy.runtime.InvokerHelper.invokeMethod(InvokerHelper.java:994)
	at groovyx.gpars.dataflow.expression.DataflowExpression.invokeMethod(DataflowExpression.java:1204)
	at org.codehaus.groovy.runtime.InvokerHelper.invokePogoMethod(InvokerHelper.java:1017)
	at org.codehaus.groovy.runtime.InvokerHelper.invokeMethod(InvokerHelper.java:994)
	at groovyx.gpars.dataflow.expression.DataflowExpression.invokeMethod(DataflowExpression.java:1204)
	at org.codehaus.groovy.runtime.InvokerHelper.invokePogoMethod(InvokerHelper.java:1017)
	at org.codehaus.groovy.runtime.InvokerHelper.invokeMethod(InvokerHelper.java:994)
	at groovyx.gpars.dataflow.expression.DataflowExpression.invokeMethod(DataflowExpression.java:1204)
	at org.codehaus.groovy.runtime.InvokerHelper.invokePogoMethod(InvokerHelper.java:1017)
	at org.codehaus.groovy.runtime.InvokerHelper.invokeMethod(InvokerHelper.java:994)
	at groovyx.gpars.dataflow.expression.DataflowExpression.invokeMethod(DataflowExpression.java:1204)
	at org.codehaus.groovy.runtime.InvokerHelper.invokePogoMethod(InvokerHelper.java:1017)
	at org.codehaus.groovy.runtime.InvokerHelper.invokeMethod(InvokerHelper.java:994)
	at groovyx.gpars.dataflow.expression.DataflowExpression.invokeMethod(DataflowExpression.java:1204)
	at org.codehaus.groovy.runtime.InvokerHelper.invokePogoMethod(InvokerHelper.java:1017)
	at org.codehaus.groovy.runtime.InvokerHelper.invokeMethod(InvokerHelper.java:994)
	at groovyx.gpars.dataflow.expression.DataflowExpression.invokeMethod(DataflowExpression.java:1204)
	at org.codehaus.groovy.runtime.InvokerHelper.invokePogoMethod(InvokerHelper.java:1017)
	at org.codehaus.groovy.runtime.InvokerHelper.invokeMethod(InvokerHelper.java:994)
	at groovyx.gpars.dataflow.expression.DataflowExpression.invokeMethod(DataflowExpression.java:1204)
	at org.codehaus.groovy.runtime.InvokerHelper.invokePogoMethod(InvokerHelper.java:1017)
	at org.codehaus.groovy.runtime.InvokerHelper.invokeMethod(InvokerHelper.java:994)
	at groovyx.gpars.dataflow.expression.DataflowExpression.invokeMethod(DataflowExpression.java:1204)
	at org.codehaus.groovy.runtime.InvokerHelper.invokePogoMethod(InvokerHelper.java:1017)
	at org.codehaus.groovy.runtime.InvokerHelper.invokeMethod(InvokerHelper.java:994)
	at groovyx.gpars.dataflow.expression.DataflowExpression.invokeMethod(DataflowExpression.java:1204)
	at org.codehaus.groovy.runtime.InvokerHelper.invokePogoMethod(InvokerHelper.java:1017)
	at org.codehaus.groovy.runtime.InvokerHelper.invokeMethod(InvokerHelper.java:994)
	at groovyx.gpars.dataflow.expression.DataflowExpression.invokeMethod(DataflowExpression.java:1204)
	at org.codehaus.groovy.runtime.InvokerHelper.invokePogoMethod(InvokerHelper.java:1017)
	at org.codehaus.groovy.runtime.InvokerHelper.invokeMethod(InvokerHelper.java:994)
	at groovyx.gpars.dataflow.expression.DataflowExpression.invokeMethod(DataflowExpression.java:1204)
	at org.codehaus.groovy.runtime.InvokerHelper.invokePogoMethod(InvokerHelper.java:1017)
	at org.codehaus.groovy.runtime.InvokerHelper.invokeMethod(InvokerHelper.java:994)
	at groovyx.gpars.dataflow.expression.DataflowExpression.invokeMethod(DataflowExpression.java:1204)
	at org.codehaus.groovy.runtime.InvokerHelper.invokePogoMethod(InvokerHelper.java:1017)
	at org.codehaus.groovy.runtime.InvokerHelper.invokeMethod(InvokerHelper.java:994)
	at groovyx.gpars.dataflow.expression.DataflowExpression.invokeMethod(DataflowExpression.java:1204)
	at org.codehaus.groovy.runtime.InvokerHelper.invokePogoMethod(InvokerHelper.java:1017)
	at org.codehaus.groovy.runtime.InvokerHelper.invokeMethod(InvokerHelper.java:994)
	at groovyx.gpars.dataflow.expression.DataflowExpression.invokeMethod(DataflowExpression.java:1204)
	at org.codehaus.groovy.runtime.InvokerHelper.invokePogoMethod(InvokerHelper.java:1017)
	at org.codehaus.groovy.runtime.InvokerHelper.invokeMethod(InvokerHelper.java:994)
	at groovyx.gpars.dataflow.expression.DataflowExpression.invokeMethod(DataflowExpression.java:1204)
	at org.codehaus.groovy.runtime.InvokerHelper.invokePogoMethod(InvokerHelper.java:1017)
	at org.codehaus.groovy.runtime.InvokerHelper.invokeMethod(InvokerHelper.java:994)
	at groovyx.gpars.dataflow.expression.DataflowExpression.invokeMethod(DataflowExpression.java:1204)
	at org.codehaus.groovy.runtime.InvokerHelper.invokePogoMethod(InvokerHelper.java:1017)
	at org.codehaus.groovy.runtime.InvokerHelper.invokeMethod(InvokerHelper.java:994)
	at groovyx.gpars.dataflow.expression.DataflowExpression.invokeMethod(DataflowExpression.java:1204)
	at org.codehaus.groovy.runtime.InvokerHelper.invokePogoMethod(InvokerHelper.java:1017)
	at org.codehaus.groovy.runtime.InvokerHelper.invokeMethod(InvokerHelper.java:994)
	at groovyx.gpars.dataflow.expression.DataflowExpression.invokeMethod(DataflowExpression.java:1204)
	at org.codehaus.groovy.runtime.InvokerHelper.invokePogoMethod(InvokerHelper.java:1017)
	at org.codehaus.groovy.runtime.InvokerHelper.invokeMethod(InvokerHelper.java:994)
	at groovyx.gpars.dataflow.expression.DataflowExpression.invokeMethod(DataflowExpression.java:1204)
	at org.codehaus.groovy.runtime.InvokerHelper.invokePogoMethod(InvokerHelper.java:1017)
	at org.codehaus.groovy.runtime.InvokerHelper.invokeMethod(InvokerHelper.java:994)
	at groovyx.gpars.dataflow.expression.DataflowExpression.invokeMethod(DataflowExpression.java:1204)
	at org.codehaus.groovy.runtime.InvokerHelper.invokePogoMethod(InvokerHelper.java:1017)
	at org.codehaus.groovy.runtime.InvokerHelper.invokeMethod(InvokerHelper.java:994)
	at groovyx.gpars.dataflow.expression.DataflowExpression.invokeMethod(DataflowExpression.java:1204)
	at org.codehaus.groovy.runtime.InvokerHelper.invokePogoMethod(InvokerHelper.java:1017)
	at org.codehaus.groovy.runtime.InvokerHelper.invokeMethod(InvokerHelper.java:994)
	at groovyx.gpars.dataflow.expression.DataflowExpression.invokeMethod(DataflowExpression.java:1204)
	at org.codehaus.groovy.runtime.InvokerHelper.invokePogoMethod(InvokerHelper.java:1017)
	at org.codehaus.groovy.runtime.InvokerHelper.invokeMethod(InvokerHelper.java:994)
	at groovyx.gpars.dataflow.expression.DataflowExpression.invokeMethod(DataflowExpression.java:1204)
	at org.codehaus.groovy.runtime.InvokerHelper.invokePogoMethod(InvokerHelper.java:1017)
	at org.codehaus.groovy.runtime.InvokerHelper.invokeMethod(InvokerHelper.java:994)
	at groovyx.gpars.dataflow.expression.DataflowExpression.invokeMethod(DataflowExpression.java:1204)
	at org.codehaus.groovy.runtime.InvokerHelper.invokePogoMethod(InvokerHelper.java:1017)
	at org.codehaus.groovy.runtime.InvokerHelper.invokeMethod(InvokerHelper.java:994)
	at groovyx.gpars.dataflow.expression.DataflowExpression.invokeMethod(DataflowExpression.java:1204)
	at org.codehaus.groovy.runtime.InvokerHelper.invokePogoMethod(InvokerHelper.java:1017)
	at org.codehaus.groovy.runtime.InvokerHelper.invokeMethod(InvokerHelper.java:994)
	at groovyx.gpars.dataflow.expression.DataflowExpression.invokeMethod(DataflowExpression.java:1204)
	at org.codehaus.groovy.runtime.InvokerHelper.invokePogoMethod(InvokerHelper.java:1017)
	at org.codehaus.groovy.runtime.InvokerHelper.invokeMethod(InvokerHelper.java:994)
	at groovyx.gpars.dataflow.expression.DataflowExpression.invokeMethod(DataflowExpression.java:1204)
	at org.codehaus.groovy.runtime.InvokerHelper.invokePogoMethod(InvokerHelper.java:1017)
	at org.codehaus.groovy.runtime.InvokerHelper.invokeMethod(InvokerHelper.java:994)
	at groovyx.gpars.dataflow.expression.DataflowExpression.invokeMethod(DataflowExpression.java:1204)
	at org.codehaus.groovy.runtime.InvokerHelper.invokePogoMethod(InvokerHelper.java:1017)
	at org.codehaus.groovy.runtime.InvokerHelper.invokeMethod(InvokerHelper.java:994)
	at groovyx.gpars.dataflow.expression.DataflowExpression.invokeMethod(DataflowExpression.java:1204)
	at org.codehaus.groovy.runtime.InvokerHelper.invokePogoMethod(InvokerHelper.java:1017)
	at org.codehaus.groovy.runtime.InvokerHelper.invokeMethod(InvokerHelper.java:994)
	at groovyx.gpars.dataflow.expression.DataflowExpression.invokeMethod(DataflowExpression.java:1204)
	at org.codehaus.groovy.runtime.InvokerHelper.invokePogoMethod(InvokerHelper.java:1017)
	at org.codehaus.groovy.runtime.InvokerHelper.invokeMethod(InvokerHelper.java:994)
	at groovyx.gpars.dataflow.expression.DataflowExpression.invokeMethod(DataflowExpression.java:1204)
	at org.codehaus.groovy.runtime.InvokerHelper.invokePogoMethod(InvokerHelper.java:1017)
	at org.codehaus.groovy.runtime.InvokerHelper.invokeMethod(InvokerHelper.java:994)
	at groovyx.gpars.dataflow.expression.DataflowExpression.invokeMethod(DataflowExpression.java:1204)
	at org.codehaus.groovy.runtime.InvokerHelper.invokePogoMethod(InvokerHelper.java:1017)
	at org.codehaus.groovy.runtime.InvokerHelper.invokeMethod(InvokerHelper.java:994)
	at groovyx.gpars.dataflow.expression.DataflowExpression.invokeMethod(DataflowExpression.java:1204)
	at org.codehaus.groovy.runtime.InvokerHelper.invokePogoMethod(InvokerHelper.java:1017)
	at org.codehaus.groovy.runtime.InvokerHelper.invokeMethod(InvokerHelper.java:994)
	at groovyx.gpars.dataflow.expression.DataflowExpression.invokeMethod(DataflowExpression.java:1204)
	at org.codehaus.groovy.runtime.InvokerHelper.invokePogoMethod(InvokerHelper.java:1017)
	at org.codehaus.groovy.runtime.InvokerHelper.invokeMethod(InvokerHelper.java:994)
	at groovyx.gpars.dataflow.expression.DataflowExpression.invokeMethod(DataflowExpression.java:1204)
	at org.codehaus.groovy.runtime.InvokerHelper.invokePogoMethod(InvokerHelper.java:1017)
	at org.codehaus.groovy.runtime.InvokerHelper.invokeMethod(InvokerHelper.java:994)
	at groovyx.gpars.dataflow.expression.DataflowExpression.invokeMethod(DataflowExpression.java:1204)
	at org.codehaus.groovy.runtime.InvokerHelper.invokePogoMethod(InvokerHelper.java:1017)
	at org.codehaus.groovy.runtime.InvokerHelper.invokeMethod(InvokerHelper.java:994)
	at groovyx.gpars.dataflow.expression.DataflowExpression.invokeMethod(DataflowExpression.java:1204)
	at org.codehaus.groovy.runtime.InvokerHelper.invokePogoMethod(InvokerHelper.java:1017)
	at org.codehaus.groovy.runtime.InvokerHelper.invokeMethod(InvokerHelper.java:994)
	at groovyx.gpars.dataflow.expression.DataflowExpression.invokeMethod(DataflowExpression.java:1204)
	at org.codehaus.groovy.runtime.InvokerHelper.invokePogoMethod(InvokerHelper.java:1017)
	at org.codehaus.groovy.runtime.InvokerHelper.invokeMethod(InvokerHelper.java:994)
	at groovyx.gpars.dataflow.expression.DataflowExpression.invokeMethod(DataflowExpression.java:1204)
	at org.codehaus.groovy.runtime.InvokerHelper.invokePogoMethod(InvokerHelper.java:1017)
	at org.codehaus.groovy.runtime.InvokerHelper.invokeMethod(InvokerHelper.java:994)
	at groovyx.gpars.dataflow.expression.DataflowExpression.invokeMethod(DataflowExpression.java:1204)
	at org.codehaus.groovy.runtime.InvokerHelper.invokePogoMethod(InvokerHelper.java:1017)
	at org.codehaus.groovy.runtime.InvokerHelper.invokeMethod(InvokerHelper.java:994)
	at groovyx.gpars.dataflow.expression.DataflowExpression.invokeMethod(DataflowExpression.java:1204)
	at org.codehaus.groovy.runtime.InvokerHelper.invokePogoMethod(InvokerHelper.java:1017)
	at org.codehaus.groovy.runtime.InvokerHelper.invokeMethod(InvokerHelper.java:994)
	at groovyx.gpars.dataflow.expression.DataflowExpression.invokeMethod(DataflowExpression.java:1204)
	at org.codehaus.groovy.runtime.InvokerHelper.invokePogoMethod(InvokerHelper.java:1017)
	at org.codehaus.groovy.runtime.InvokerHelper.invokeMethod(InvokerHelper.java:994)
	at groovyx.gpars.dataflow.expression.DataflowExpression.invokeMethod(DataflowExpression.java:1204)
	at org.codehaus.groovy.runtime.InvokerHelper.invokePogoMethod(InvokerHelper.java:1017)
	at org.codehaus.groovy.runtime.InvokerHelper.invokeMethod(InvokerHelper.java:994)
	at groovyx.gpars.dataflow.expression.DataflowExpression.invokeMethod(DataflowExpression.java:1204)
	at org.codehaus.groovy.runtime.InvokerHelper.invokePogoMethod(InvokerHelper.java:1017)
	at org.codehaus.groovy.runtime.InvokerHelper.invokeMethod(InvokerHelper.java:994)
	at groovyx.gpars.dataflow.expression.DataflowExpression.invokeMethod(DataflowExpression.java:1204)
	at org.codehaus.groovy.runtime.InvokerHelper.invokePogoMethod(InvokerHelper.java:1017)
	at org.codehaus.groovy.runtime.InvokerHelper.invokeMethod(InvokerHelper.java:994)
	at groovyx.gpars.dataflow.expression.DataflowExpression.invokeMethod(DataflowExpression.java:1204)
	at org.codehaus.groovy.runtime.InvokerHelper.invokePogoMethod(InvokerHelper.java:1017)
	at org.codehaus.groovy.runtime.InvokerHelper.invokeMethod(InvokerHelper.java:994)
	at groovyx.gpars.dataflow.expression.DataflowExpression.invokeMethod(DataflowExpression.java:1204)
	at org.codehaus.groovy.runtime.InvokerHelper.invokePogoMethod(InvokerHelper.java:1017)
	at org.codehaus.groovy.runtime.InvokerHelper.invokeMethod(InvokerHelper.java:994)
	at groovyx.gpars.dataflow.expression.DataflowExpression.invokeMethod(DataflowExpression.java:1204)
	at org.codehaus.groovy.runtime.InvokerHelper.invokePogoMethod(InvokerHelper.java:1017)
	at org.codehaus.groovy.runtime.InvokerHelper.invokeMethod(InvokerHelper.java:994)
	at groovyx.gpars.dataflow.expression.DataflowExpression.invokeMethod(DataflowExpression.java:1204)
	at org.codehaus.groovy.runtime.InvokerHelper.invokePogoMethod(InvokerHelper.java:1017)
	at org.codehaus.groovy.runtime.InvokerHelper.invokeMethod(InvokerHelper.java:994)
	at groovyx.gpars.dataflow.expression.DataflowExpression.invokeMethod(DataflowExpression.java:1204)
	at org.codehaus.groovy.runtime.InvokerHelper.invokePogoMethod(InvokerHelper.java:1017)
	at org.codehaus.groovy.runtime.InvokerHelper.invokeMethod(InvokerHelper.java:994)
	at groovyx.gpars.dataflow.expression.DataflowExpression.invokeMethod(DataflowExpression.java:1204)
	at org.codehaus.groovy.runtime.InvokerHelper.invokePogoMethod(InvokerHelper.java:1017)
	at org.codehaus.groovy.runtime.InvokerHelper.invokeMethod(InvokerHelper.java:994)
	at groovyx.gpars.dataflow.expression.DataflowExpression.invokeMethod(DataflowExpression.java:1204)
	at org.codehaus.groovy.runtime.InvokerHelper.invokePogoMethod(InvokerHelper.java:1017)
	at org.codehaus.groovy.runtime.InvokerHelper.invokeMethod(InvokerHelper.java:994)
	at groovyx.gpars.dataflow.expression.DataflowExpression.invokeMethod(DataflowExpression.java:1204)
	at org.codehaus.groovy.runtime.InvokerHelper.invokePogoMethod(InvokerHelper.java:1017)
	at org.codehaus.groovy.runtime.InvokerHelper.invokeMethod(InvokerHelper.java:994)
	at groovyx.gpars.dataflow.expression.DataflowExpression.invokeMethod(DataflowExpression.java:1204)
	at org.codehaus.groovy.runtime.InvokerHelper.invokePogoMethod(InvokerHelper.java:1017)
	at org.codehaus.groovy.runtime.InvokerHelper.invokeMethod(InvokerHelper.java:994)
	at groovyx.gpars.dataflow.expression.DataflowExpression.invokeMethod(DataflowExpression.java:1204)
	at org.codehaus.groovy.runtime.InvokerHelper.invokePogoMethod(InvokerHelper.java:1017)
	at org.codehaus.groovy.runtime.InvokerHelper.invokeMethod(InvokerHelper.java:994)
	at groovyx.gpars.dataflow.expression.DataflowExpression.invokeMethod(DataflowExpression.java:1204)
	at org.codehaus.groovy.runtime.InvokerHelper.invokePogoMethod(InvokerHelper.java:1017)
	at org.codehaus.groovy.runtime.InvokerHelper.invokeMethod(InvokerHelper.java:994)
	at groovyx.gpars.dataflow.expression.DataflowExpression.invokeMethod(DataflowExpression.java:1204)
	at org.codehaus.groovy.runtime.InvokerHelper.invokePogoMethod(InvokerHelper.java:1017)
	at org.codehaus.groovy.runtime.InvokerHelper.invokeMethod(InvokerHelper.java:994)
	at groovyx.gpars.dataflow.expression.DataflowExpression.invokeMethod(DataflowExpression.java:1204)
	at org.codehaus.groovy.runtime.InvokerHelper.invokePogoMethod(InvokerHelper.java:1017)
	at org.codehaus.groovy.runtime.InvokerHelper.invokeMethod(InvokerHelper.java:994)
	at groovyx.gpars.dataflow.expression.DataflowExpression.invokeMethod(DataflowExpression.java:1204)
	at org.codehaus.groovy.runtime.InvokerHelper.invokePogoMethod(InvokerHelper.java:1017)
	at org.codehaus.groovy.runtime.InvokerHelper.invokeMethod(InvokerHelper.java:994)
	at groovyx.gpars.dataflow.expression.DataflowExpression.invokeMethod(DataflowExpression.java:1204)
	at org.codehaus.groovy.runtime.InvokerHelper.invokePogoMethod(InvokerHelper.java:1017)
	at org.codehaus.groovy.runtime.InvokerHelper.invokeMethod(InvokerHelper.java:994)
	at groovyx.gpars.dataflow.expression.DataflowExpression.invokeMethod(DataflowExpression.java:1204)
	at org.codehaus.groovy.runtime.InvokerHelper.invokePogoMethod(InvokerHelper.java:1017)
	at org.codehaus.groovy.runtime.InvokerHelper.invokeMethod(InvokerHelper.java:994)
	at groovyx.gpars.dataflow.expression.DataflowExpression.invokeMethod(DataflowExpression.java:1204)
	at org.codehaus.groovy.runtime.InvokerHelper.invokePogoMethod(InvokerHelper.java:1017)
	at org.codehaus.groovy.runtime.InvokerHelper.invokeMethod(InvokerHelper.java:994)
	at groovyx.gpars.dataflow.expression.DataflowExpression.invokeMethod(DataflowExpression.java:1204)
	at org.codehaus.groovy.runtime.InvokerHelper.invokePogoMethod(InvokerHelper.java:1017)
	at org.codehaus.groovy.runtime.InvokerHelper.invokeMethod(InvokerHelper.java:994)
	at groovyx.gpars.dataflow.expression.DataflowExpression.invokeMethod(DataflowExpression.java:1204)
	at org.codehaus.groovy.runtime.InvokerHelper.invokePogoMethod(InvokerHelper.java:1017)
	at org.codehaus.groovy.runtime.InvokerHelper.invokeMethod(InvokerHelper.java:994)
	at groovyx.gpars.dataflow.expression.DataflowExpression.invokeMethod(DataflowExpression.java:1204)
	at org.codehaus.groovy.runtime.InvokerHelper.invokePogoMethod(InvokerHelper.java:1017)
	at org.codehaus.groovy.runtime.InvokerHelper.invokeMethod(InvokerHelper.java:994)
	at groovyx.gpars.dataflow.expression.DataflowExpression.invokeMethod(DataflowExpression.java:1204)
	at org.codehaus.groovy.runtime.InvokerHelper.invokePogoMethod(InvokerHelper.java:1017)
	at org.codehaus.groovy.runtime.InvokerHelper.invokeMethod(InvokerHelper.java:994)
	at groovyx.gpars.dataflow.expression.DataflowExpression.invokeMethod(DataflowExpression.java:1204)
	at org.codehaus.groovy.runtime.InvokerHelper.invokePogoMethod(InvokerHelper.java:1017)
	at org.codehaus.groovy.runtime.InvokerHelper.invokeMethod(InvokerHelper.java:994)
	at groovyx.gpars.dataflow.expression.DataflowExpression.invokeMethod(DataflowExpression.java:1204)
	at org.codehaus.groovy.runtime.InvokerHelper.invokePogoMethod(InvokerHelper.java:1017)
	at org.codehaus.groovy.runtime.InvokerHelper.invokeMethod(InvokerHelper.java:994)
	at groovyx.gpars.dataflow.expression.DataflowExpression.invokeMethod(DataflowExpression.java:1204)
	at org.codehaus.groovy.runtime.InvokerHelper.invokePogoMethod(InvokerHelper.java:1017)
	at org.codehaus.groovy.runtime.InvokerHelper.invokeMethod(InvokerHelper.java:994)
	at groovyx.gpars.dataflow.expression.DataflowExpression.invokeMethod(DataflowExpression.java:1204)
	at org.codehaus.groovy.runtime.InvokerHelper.invokePogoMethod(InvokerHelper.java:1017)
	at org.codehaus.groovy.runtime.InvokerHelper.invokeMethod(InvokerHelper.java:994)
	at groovyx.gpars.dataflow.expression.DataflowExpression.invokeMethod(DataflowExpression.java:1204)
	at org.codehaus.groovy.runtime.InvokerHelper.invokePogoMethod(InvokerHelper.java:1017)
	at org.codehaus.groovy.runtime.InvokerHelper.invokeMethod(InvokerHelper.java:994)
	at groovyx.gpars.dataflow.expression.DataflowExpression.invokeMethod(DataflowExpression.java:1204)
	at org.codehaus.groovy.runtime.InvokerHelper.invokePogoMethod(InvokerHelper.java:1017)
	at org.codehaus.groovy.runtime.InvokerHelper.invokeMethod(InvokerHelper.java:994)
	at groovyx.gpars.dataflow.expression.DataflowExpression.invokeMethod(DataflowExpression.java:1204)
	at org.codehaus.groovy.runtime.InvokerHelper.invokePogoMethod(InvokerHelper.java:1017)
	at org.codehaus.groovy.runtime.InvokerHelper.invokeMethod(InvokerHelper.java:994)
	at groovyx.gpars.dataflow.expression.DataflowExpression.invokeMethod(DataflowExpression.java:1204)
	at org.codehaus.groovy.runtime.InvokerHelper.invokePogoMethod(InvokerHelper.java:1017)
	at org.codehaus.groovy.runtime.InvokerHelper.invokeMethod(InvokerHelper.java:994)
	at groovyx.gpars.dataflow.expression.DataflowExpression.invokeMethod(DataflowExpression.java:1204)
	at org.codehaus.groovy.runtime.InvokerHelper.invokePogoMethod(InvokerHelper.java:1017)
	at org.codehaus.groovy.runtime.InvokerHelper.invokeMethod(InvokerHelper.java:994)
	at groovyx.gpars.dataflow.expression.DataflowExpression.invokeMethod(DataflowExpression.java:1204)
	at org.codehaus.groovy.runtime.InvokerHelper.invokePogoMethod(InvokerHelper.java:1017)
	at org.codehaus.groovy.runtime.InvokerHelper.invokeMethod(InvokerHelper.java:994)
	at groovyx.gpars.dataflow.expression.DataflowExpression.invokeMethod(DataflowExpression.java:1204)
	at org.codehaus.groovy.runtime.InvokerHelper.invokePogoMethod(InvokerHelper.java:1017)
	at org.codehaus.groovy.runtime.InvokerHelper.invokeMethod(InvokerHelper.java:994)
	at groovyx.gpars.dataflow.expression.DataflowExpression.invokeMethod(DataflowExpression.java:1204)
	at org.codehaus.groovy.runtime.InvokerHelper.invokePogoMethod(InvokerHelper.java:1017)
	at org.codehaus.groovy.runtime.InvokerHelper.invokeMethod(InvokerHelper.java:994)
	at groovyx.gpars.dataflow.expression.DataflowExpression.invokeMethod(DataflowExpression.java:1204)
	at org.codehaus.groovy.runtime.InvokerHelper.invokePogoMethod(InvokerHelper.java:1017)
	at org.codehaus.groovy.runtime.InvokerHelper.invokeMethod(InvokerHelper.java:994)
	at groovyx.gpars.dataflow.expression.DataflowExpression.invokeMethod(DataflowExpression.java:1204)
	at org.codehaus.groovy.runtime.InvokerHelper.invokePogoMethod(InvokerHelper.java:1017)
	at org.codehaus.groovy.runtime.InvokerHelper.invokeMethod(InvokerHelper.java:994)
	at groovyx.gpars.dataflow.expression.DataflowExpression.invokeMethod(DataflowExpression.java:1204)
	at org.codehaus.groovy.runtime.InvokerHelper.invokePogoMethod(InvokerHelper.java:1017)
	at org.codehaus.groovy.runtime.InvokerHelper.invokeMethod(InvokerHelper.java:994)
	at groovyx.gpars.dataflow.expression.DataflowExpression.invokeMethod(DataflowExpression.java:1204)
	at org.codehaus.groovy.runtime.InvokerHelper.invokePogoMethod(InvokerHelper.java:1017)
	at org.codehaus.groovy.runtime.InvokerHelper.invokeMethod(InvokerHelper.java:994)
	at groovyx.gpars.dataflow.expression.DataflowExpression.invokeMethod(DataflowExpression.java:1204)
	at org.codehaus.groovy.runtime.InvokerHelper.invokePogoMethod(InvokerHelper.java:1017)
	at org.codehaus.groovy.runtime.InvokerHelper.invokeMethod(InvokerHelper.java:994)
	at groovyx.gpars.dataflow.expression.DataflowExpression.invokeMethod(DataflowExpression.java:1204)
	at org.codehaus.groovy.runtime.InvokerHelper.invokePogoMethod(InvokerHelper.java:1017)
	at org.codehaus.groovy.runtime.InvokerHelper.invokeMethod(InvokerHelper.java:994)
	at groovyx.gpars.dataflow.expression.DataflowExpression.invokeMethod(DataflowExpression.java:1204)
	at org.codehaus.groovy.runtime.InvokerHelper.invokePogoMethod(InvokerHelper.java:1017)
	at org.codehaus.groovy.runtime.InvokerHelper.invokeMethod(InvokerHelper.java:994)
	at groovyx.gpars.dataflow.expression.DataflowExpression.invokeMethod(DataflowExpression.java:1204)
	at org.codehaus.groovy.runtime.InvokerHelper.invokePogoMethod(InvokerHelper.java:1017)
	at org.codehaus.groovy.runtime.InvokerHelper.invokeMethod(InvokerHelper.java:994)
	at groovyx.gpars.dataflow.expression.DataflowExpression.invokeMethod(DataflowExpression.java:1204)
	at org.codehaus.groovy.runtime.InvokerHelper.invokePogoMethod(InvokerHelper.java:1017)
	at org.codehaus.groovy.runtime.InvokerHelper.invokeMethod(InvokerHelper.java:994)
	at groovyx.gpars.dataflow.expression.DataflowExpression.invokeMethod(DataflowExpression.java:1204)
	at org.codehaus.groovy.runtime.InvokerHelper.invokePogoMethod(InvokerHelper.java:1017)
	at org.codehaus.groovy.runtime.InvokerHelper.invokeMethod(InvokerHelper.java:994)
	at groovyx.gpars.dataflow.expression.DataflowExpression.invokeMethod(DataflowExpression.java:1204)
	at org.codehaus.groovy.runtime.InvokerHelper.invokePogoMethod(InvokerHelper.java:1017)
	at org.codehaus.groovy.runtime.InvokerHelper.invokeMethod(InvokerHelper.java:994)
	at groovyx.gpars.dataflow.expression.DataflowExpression.invokeMethod(DataflowExpression.java:1204)
	at org.codehaus.groovy.runtime.InvokerHelper.invokePogoMethod(InvokerHelper.java:1017)
	at org.codehaus.groovy.runtime.InvokerHelper.invokeMethod(InvokerHelper.java:994)
	at groovyx.gpars.dataflow.expression.DataflowExpression.invokeMethod(DataflowExpression.java:1204)
	at org.codehaus.groovy.runtime.InvokerHelper.invokePogoMethod(InvokerHelper.java:1017)
	at org.codehaus.groovy.runtime.InvokerHelper.invokeMethod(InvokerHelper.java:994)
	at groovyx.gpars.dataflow.expression.DataflowExpression.invokeMethod(DataflowExpression.java:1204)
	at org.codehaus.groovy.runtime.InvokerHelper.invokePogoMethod(InvokerHelper.java:1017)
	at org.codehaus.groovy.runtime.InvokerHelper.invokeMethod(InvokerHelper.java:994)
	at groovyx.gpars.dataflow.expression.DataflowExpression.invokeMethod(DataflowExpression.java:1204)
	at org.codehaus.groovy.runtime.InvokerHelper.invokePogoMethod(InvokerHelper.java:1017)
	at org.codehaus.groovy.runtime.InvokerHelper.invokeMethod(InvokerHelper.java:994)
	at groovyx.gpars.dataflow.expression.DataflowExpression.invokeMethod(DataflowExpression.java:1204)
	at org.codehaus.groovy.runtime.InvokerHelper.invokePogoMethod(InvokerHelper.java:1017)
	at org.codehaus.groovy.runtime.InvokerHelper.invokeMethod(InvokerHelper.java:994)
	at groovyx.gpars.dataflow.expression.DataflowExpression.invokeMethod(DataflowExpression.java:1204)
	at org.codehaus.groovy.runtime.InvokerHelper.invokePogoMethod(InvokerHelper.java:1017)
	at org.codehaus.groovy.runtime.InvokerHelper.invokeMethod(InvokerHelper.java:994)
	at groovyx.gpars.dataflow.expression.DataflowExpression.invokeMethod(DataflowExpression.java:1204)
	at org.codehaus.groovy.runtime.InvokerHelper.invokePogoMethod(InvokerHelper.java:1017)
	at org.codehaus.groovy.runtime.InvokerHelper.invokeMethod(InvokerHelper.java:994)
	at groovyx.gpars.dataflow.expression.DataflowExpression.invokeMethod(DataflowExpression.java:1204)
	at org.codehaus.groovy.runtime.InvokerHelper.invokePogoMethod(InvokerHelper.java:1017)
	at org.codehaus.groovy.runtime.InvokerHelper.invokeMethod(InvokerHelper.java:994)
	at groovyx.gpars.dataflow.expression.DataflowExpression.invokeMethod(DataflowExpression.java:1204)
	at org.codehaus.groovy.runtime.InvokerHelper.invokePogoMethod(InvokerHelper.java:1017)
	at org.codehaus.groovy.runtime.InvokerHelper.invokeMethod(InvokerHelper.java:994)
	at groovyx.gpars.dataflow.expression.DataflowExpression.invokeMethod(DataflowExpression.java:1204)
	at org.codehaus.groovy.runtime.InvokerHelper.invokePogoMethod(InvokerHelper.java:1017)
	at org.codehaus.groovy.runtime.InvokerHelper.invokeMethod(InvokerHelper.java:994)
	at groovyx.gpars.dataflow.expression.DataflowExpression.invokeMethod(DataflowExpression.java:1204)
	at org.codehaus.groovy.runtime.InvokerHelper.invokePogoMethod(InvokerHelper.java:1017)
	at org.codehaus.groovy.runtime.InvokerHelper.invokeMethod(InvokerHelper.java:994)
	at groovyx.gpars.dataflow.expression.DataflowExpression.invokeMethod(DataflowExpression.java:1204)
	at org.codehaus.groovy.runtime.InvokerHelper.invokePogoMethod(InvokerHelper.java:1017)
	at org.codehaus.groovy.runtime.InvokerHelper.invokeMethod(InvokerHelper.java:994)
	at groovyx.gpars.dataflow.expression.DataflowExpression.invokeMethod(DataflowExpression.java:1204)
	at org.codehaus.groovy.runtime.InvokerHelper.invokePogoMethod(InvokerHelper.java:1017)
	at org.codehaus.groovy.runtime.InvokerHelper.invokeMethod(InvokerHelper.java:994)
	at groovyx.gpars.dataflow.expression.DataflowExpression.invokeMethod(DataflowExpression.java:1204)
	at org.codehaus.groovy.runtime.InvokerHelper.invokePogoMethod(InvokerHelper.java:1017)
	at org.codehaus.groovy.runtime.InvokerHelper.invokeMethod(InvokerHelper.java:994)
	at groovyx.gpars.dataflow.expression.DataflowExpression.invokeMethod(DataflowExpression.java:1204)
	at org.codehaus.groovy.runtime.InvokerHelper.invokePogoMethod(InvokerHelper.java:1017)
	at org.codehaus.groovy.runtime.InvokerHelper.invokeMethod(InvokerHelper.java:994)
	at groovyx.gpars.dataflow.expression.DataflowExpression.invokeMethod(DataflowExpression.java:1204)
	at org.codehaus.groovy.runtime.InvokerHelper.invokePogoMethod(InvokerHelper.java:1017)
	at org.codehaus.groovy.runtime.InvokerHelper.invokeMethod(InvokerHelper.java:994)
	at groovyx.gpars.dataflow.expression.DataflowExpression.invokeMethod(DataflowExpression.java:1204)
	at org.codehaus.groovy.runtime.InvokerHelper.invokePogoMethod(InvokerHelper.java:1017)
	at org.codehaus.groovy.runtime.InvokerHelper.invokeMethod(InvokerHelper.java:994)
	at groovyx.gpars.dataflow.expression.DataflowExpression.invokeMethod(DataflowExpression.java:1204)
	at org.codehaus.groovy.runtime.InvokerHelper.invokePogoMethod(InvokerHelper.java:1017)
	at org.codehaus.groovy.runtime.InvokerHelper.invokeMethod(InvokerHelper.java:994)
	at groovyx.gpars.dataflow.expression.DataflowExpression.invokeMethod(DataflowExpression.java:1204)
	at org.codehaus.groovy.runtime.InvokerHelper.invokePogoMethod(InvokerHelper.java:1017)
	at org.codehaus.groovy.runtime.InvokerHelper.invokeMethod(InvokerHelper.java:994)
	at groovyx.gpars.dataflow.expression.DataflowExpression.invokeMethod(DataflowExpression.java:1204)
	at org.codehaus.groovy.runtime.InvokerHelper.invokePogoMethod(InvokerHelper.java:1017)
	at org.codehaus.groovy.runtime.InvokerHelper.invokeMethod(InvokerHelper.java:994)
	at groovyx.gpars.dataflow.expression.DataflowExpression.invokeMethod(DataflowExpression.java:1204)
	at org.codehaus.groovy.runtime.InvokerHelper.invokePogoMethod(InvokerHelper.java:1017)
	at org.codehaus.groovy.runtime.InvokerHelper.invokeMethod(InvokerHelper.java:994)
	at groovyx.gpars.dataflow.expression.DataflowExpression.invokeMethod(DataflowExpression.java:1204)
	at org.codehaus.groovy.runtime.InvokerHelper.invokePogoMethod(InvokerHelper.java:1017)
	at org.codehaus.groovy.runtime.InvokerHelper.invokeMethod(InvokerHelper.java:994)
	at groovyx.gpars.dataflow.expression.DataflowExpression.invokeMethod(DataflowExpression.java:1204)
	at org.codehaus.groovy.runtime.InvokerHelper.invokePogoMethod(InvokerHelper.java:1017)
	at org.codehaus.groovy.runtime.InvokerHelper.invokeMethod(InvokerHelper.java:994)
	at groovyx.gpars.dataflow.expression.DataflowExpression.invokeMethod(DataflowExpression.java:1204)
	at org.codehaus.groovy.runtime.InvokerHelper.invokePogoMethod(InvokerHelper.java:1017)
	at org.codehaus.groovy.runtime.InvokerHelper.invokeMethod(InvokerHelper.java:994)
	at groovyx.gpars.dataflow.expression.DataflowExpression.invokeMethod(DataflowExpression.java:1204)
	at org.codehaus.groovy.runtime.InvokerHelper.invokePogoMethod(InvokerHelper.java:1017)
	at org.codehaus.groovy.runtime.InvokerHelper.invokeMethod(InvokerHelper.java:994)
	at groovyx.gpars.dataflow.expression.DataflowExpression.invokeMethod(DataflowExpression.java:1204)
	at org.codehaus.groovy.runtime.InvokerHelper.invokePogoMethod(InvokerHelper.java:1017)
	at org.codehaus.groovy.runtime.InvokerHelper.invokeMethod(InvokerHelper.java:994)
	at groovyx.gpars.dataflow.expression.DataflowExpression.invokeMethod(DataflowExpression.java:1204)
	at org.codehaus.groovy.runtime.InvokerHelper.invokePogoMethod(InvokerHelper.java:1017)
	at org.codehaus.groovy.runtime.InvokerHelper.invokeMethod(InvokerHelper.java:994)
	at groovyx.gpars.dataflow.expression.DataflowExpression.invokeMethod(DataflowExpression.java:1204)
	at org.codehaus.groovy.runtime.InvokerHelper.invokePogoMethod(InvokerHelper.java:1017)
	at org.codehaus.groovy.runtime.InvokerHelper.invokeMethod(InvokerHelper.java:994)
	at groovyx.gpars.dataflow.expression.DataflowExpression.invokeMethod(DataflowExpression.java:1204)
	at org.codehaus.groovy.runtime.InvokerHelper.invokePogoMethod(InvokerHelper.java:1017)
	at org.codehaus.groovy.runtime.InvokerHelper.invokeMethod(InvokerHelper.java:994)
	at groovyx.gpars.dataflow.expression.DataflowExpression.invokeMethod(DataflowExpression.java:1204)
	at org.codehaus.groovy.runtime.InvokerHelper.invokePogoMethod(InvokerHelper.java:1017)
	at org.codehaus.groovy.runtime.InvokerHelper.invokeMethod(InvokerHelper.java:994)
	at groovyx.gpars.dataflow.expression.DataflowExpression.invokeMethod(DataflowExpression.java:1204)
	at org.codehaus.groovy.runtime.InvokerHelper.invokePogoMethod(InvokerHelper.java:1017)
	at org.codehaus.groovy.runtime.InvokerHelper.invokeMethod(InvokerHelper.java:994)
	at groovyx.gpars.dataflow.expression.DataflowExpression.invokeMethod(DataflowExpression.java:1204)
	at org.codehaus.groovy.runtime.InvokerHelper.invokePogoMethod(InvokerHelper.java:1017)
	at org.codehaus.groovy.runtime.InvokerHelper.invokeMethod(InvokerHelper.java:994)
	at groovyx.gpars.dataflow.expression.DataflowExpression.invokeMethod(DataflowExpression.java:1204)
	at org.codehaus.groovy.runtime.InvokerHelper.invokePogoMethod(InvokerHelper.java:1017)
	at org.codehaus.groovy.runtime.InvokerHelper.invokeMethod(InvokerHelper.java:994)
	at groovyx.gpars.dataflow.expression.DataflowExpression.invokeMethod(DataflowExpression.java:1204)
	at org.codehaus.groovy.runtime.InvokerHelper.invokePogoMethod(InvokerHelper.java:1017)
	at org.codehaus.groovy.runtime.InvokerHelper.invokeMethod(InvokerHelper.java:994)
	at groovyx.gpars.dataflow.expression.DataflowExpression.invokeMethod(DataflowExpression.java:1204)
	at org.codehaus.groovy.runtime.InvokerHelper.invokePogoMethod(InvokerHelper.java:1017)
	at org.codehaus.groovy.runtime.InvokerHelper.invokeMethod(InvokerHelper.java:994)
	at groovyx.gpars.dataflow.expression.DataflowExpression.invokeMethod(DataflowExpression.java:1204)
	at org.codehaus.groovy.runtime.InvokerHelper.invokePogoMethod(InvokerHelper.java:1017)
	at org.codehaus.groovy.runtime.InvokerHelper.invokeMethod(InvokerHelper.java:994)
	at groovyx.gpars.dataflow.expression.DataflowExpression.invokeMethod(DataflowExpression.java:1204)
	at org.codehaus.groovy.runtime.InvokerHelper.invokePogoMethod(InvokerHelper.java:1017)
	at org.codehaus.groovy.runtime.InvokerHelper.invokeMethod(InvokerHelper.java:994)
	at groovyx.gpars.dataflow.expression.DataflowExpression.invokeMethod(DataflowExpression.java:1204)
	at org.codehaus.groovy.runtime.InvokerHelper.invokePogoMethod(InvokerHelper.java:1017)
	at org.codehaus.groovy.runtime.InvokerHelper.invokeMethod(InvokerHelper.java:994)
	at groovyx.gpars.dataflow.expression.DataflowExpression.invokeMethod(DataflowExpression.java:1204)
	at org.codehaus.groovy.runtime.InvokerHelper.invokePogoMethod(InvokerHelper.java:1017)
	at org.codehaus.groovy.runtime.InvokerHelper.invokeMethod(InvokerHelper.java:994)
	at groovyx.gpars.dataflow.expression.DataflowExpression.invokeMethod(DataflowExpression.java:1204)
	at org.codehaus.groovy.runtime.InvokerHelper.invokePogoMethod(InvokerHelper.java:1017)
	at org.codehaus.groovy.runtime.InvokerHelper.invokeMethod(InvokerHelper.java:994)
	at groovyx.gpars.dataflow.expression.DataflowExpression.invokeMethod(DataflowExpression.java:1204)
	at org.codehaus.groovy.runtime.InvokerHelper.invokePogoMethod(InvokerHelper.java:1017)
	at org.codehaus.groovy.runtime.InvokerHelper.invokeMethod(InvokerHelper.java:994)
	at groovyx.gpars.dataflow.expression.DataflowExpression.invokeMethod(DataflowExpression.java:1204)
	at org.codehaus.groovy.runtime.InvokerHelper.invokePogoMethod(InvokerHelper.java:1017)
	at org.codehaus.groovy.runtime.InvokerHelper.invokeMethod(InvokerHelper.java:994)
	at groovyx.gpars.dataflow.expression.DataflowExpression.invokeMethod(DataflowExpression.java:1204)
	at org.codehaus.groovy.runtime.InvokerHelper.invokePogoMethod(InvokerHelper.java:1017)
	at org.codehaus.groovy.runtime.InvokerHelper.invokeMethod(InvokerHelper.java:994)
	at groovyx.gpars.dataflow.expression.DataflowExpression.invokeMethod(DataflowExpression.java:1204)
